#
# A fatal error has been detected by the Java Runtime Environment:
#
#  EXCEPTION_ACCESS_VIOLATION (0xc0000005) at pc=0x00000000535cd477, pid=2532, tid=0x0000000000001ddc
#
# JRE version: OpenJDK Runtime Environment (8.0_242-b01) (build 1.8.0_242-release-1644-b01)
# Java VM: OpenJDK 64-Bit Server VM (25.242-b01 mixed mode windows-amd64 compressed oops)
# Problematic frame:
# V  [jvm.dll+0xad477]
#
# Failed to write core dump. Minidumps are not enabled by default on client versions of Windows
#
# If you would like to submit a bug report, please visit:
#   
#

---------------  T H R E A D  ---------------

Current thread (0x0000000016bcd800):  JavaThread "C1 CompilerThread2" daemon [_thread_in_vm, id=7644, stack(0x0000000018410000,0x0000000018510000)]

siginfo: ExceptionCode=0xc0000005, reading address 0x0000000000000012

Registers:
RAX=0x0000000000000038, RBX=0x0000000000000000, RCX=0x0000000000000002, RDX=0x0000000000000037
RSP=0x000000001850f030, RBP=0x0000000000000037, RSI=0x00000000031487e0, RDI=0x00000000000001b8
R8 =0x0000000000000000, R9 =0x000000002b79cc88, R10=0x0000000016b668c0, R11=0x0000000000000037
R12=0x0000000016bcd800, R13=0x000000000000000a, R14=0x0000000016bcbc20, R15=0x0000000016bcbc60
RIP=0x00000000535cd477, EFLAGS=0x0000000000010202

Top of Stack: (sp=0x000000001850f030)
0x000000001850f030:   0000000016bcd800 000000005362c09e
0x000000001850f040:   0000000021cfa428 0000000021cfa428
0x000000001850f050:   0000000000000037 00000000535dfafc
0x000000001850f060:   0000000021cfa428 0000000016bcd800
0x000000001850f070:   0000000000000001 000000005362cb65
0x000000001850f080:   0000000003148790 00000000535e20d3
0x000000001850f090:   00000000000001b8 00000000031308d0
0x000000001850f0a0:   0000000021cfa428 0000000016bcd800
0x000000001850f0b0:   0000000000000037 00000000535e23b2
0x000000001850f0c0:   0000000000000000 0000000000000001
0x000000001850f0d0:   000000000314a090 ffffffff0000001e
0x000000001850f0e0:   0000000018500000 00007ffdffffffff
0x000000001850f0f0:   0000000016b64c90 00000000ffffffff
0x000000001850f100:   000000001850f1c0 00000000535c8deb
0x000000001850f110:   0000000000000037 000000000314a090
0x000000001850f120:   0000000016bcd800 000000001850f1c0 

Instructions: (pc=0x00000000535cd477)
0x00000000535cd457:   cc cc cc cc cc cc cc cc cc 40 53 48 83 ec 20 4c
0x00000000535cd467:   8b d1 48 8b 49 18 33 db 4c 8b c9 48 85 c9 74 1d
0x00000000535cd477:   48 8b 41 10 48 3b c2 74 48 4c 8b c9 73 06 48 8b
0x00000000535cd487:   49 30 eb 04 48 8b 49 28 48 85 c9 75 e3 41 83 f8 


Register to memory mapping:

RAX=0x0000000000000038 is an unknown value
RBX=0x0000000000000000 is an unknown value
RCX=0x0000000000000002 is an unknown value
RDX=0x0000000000000037 is an unknown value
RSP=0x000000001850f030 is pointing into the stack for thread: 0x0000000016bcd800
RBP=0x0000000000000037 is an unknown value
RSI=0x00000000031487e0 is an unknown value
RDI=0x00000000000001b8 is an unknown value
R8 =0x0000000000000000 is an unknown value
R9 =0x000000002b79cc88 is pointing into metadata
R10=0x0000000016b668c0 is an unknown value
R11=0x0000000000000037 is an unknown value
R12=0x0000000016bcd800 is a thread
R13=0x000000000000000a is an unknown value
R14=0x0000000016bcbc20 is an unknown value
R15=0x0000000016bcbc60 is an unknown value


Stack: [0x0000000018410000,0x0000000018510000],  sp=0x000000001850f030,  free space=1020k
Native frames: (J=compiled Java code, j=interpreted, Vv=VM code, C=native code)
V  [jvm.dll+0xad477]
V  [jvm.dll+0xbfafc]
V  [jvm.dll+0xc20d3]
V  [jvm.dll+0xc23b2]
V  [jvm.dll+0xa8deb]
V  [jvm.dll+0x10da82]
V  [jvm.dll+0x107ac2]
V  [jvm.dll+0x16cdd]
V  [jvm.dll+0x16e39]
V  [jvm.dll+0x3e0783]
V  [jvm.dll+0x3e09a2]
V  [jvm.dll+0x3e0b71]
V  [jvm.dll+0x3e0d7f]
V  [jvm.dll+0x8230f]
V  [jvm.dll+0x82c7f]
V  [jvm.dll+0x220b7f]
V  [jvm.dll+0x27276a]
C  [msvcr100.dll+0x21d9f]
C  [msvcr100.dll+0x21e3b]
C  [KERNEL32.DLL+0x17034]
C  [ntdll.dll+0x52651]


Current CompileTask:
C1:  84865 13816   !   3       sun.nio.fs.WindowsFileAttributeViews$Basic::readAttributes (30 bytes)


---------------  P R O C E S S  ---------------

Java Threads: ( => current thread )
  0x000000001f9dd000 JavaThread "Cache worker for execution history cache (C:\Users\kma_s\Documents\PROJETOS ANDROID\ZENITECH\EMISSOR_WEB_VERSSIONADO\.gradle\6.8.3\executionHistory)" [_thread_blocked, id=11752, stack(0x000000002f9c0000,0x000000002fac0000)]
  0x000000001f9dc800 JavaThread "Execution worker for ':' Thread 3" [_thread_blocked, id=11212, stack(0x000000002f8c0000,0x000000002f9c0000)]
  0x000000001f9d6800 JavaThread "Execution worker for ':' Thread 2" [_thread_blocked, id=9692, stack(0x000000002f7c0000,0x000000002f8c0000)]
  0x000000001f9d5000 JavaThread "Execution worker for ':'" [_thread_blocked, id=2100, stack(0x000000002dc20000,0x000000002dd20000)]
  0x000000001f9da000 JavaThread "pool-3-thread-1" [_thread_blocked, id=3880, stack(0x000000002a940000,0x000000002aa40000)]
  0x000000001f9d4000 JavaThread "jar transforms Thread 228" [_thread_blocked, id=7844, stack(0x000000002a640000,0x000000002a740000)]
  0x000000001f9db000 JavaThread "jar transforms Thread 227" [_thread_blocked, id=2676, stack(0x000000002a540000,0x000000002a640000)]
  0x000000001f9d8800 JavaThread "jar transforms Thread 226" [_thread_blocked, id=10752, stack(0x000000002a440000,0x000000002a540000)]
  0x000000001f9d5800 JavaThread "jar transforms Thread 225" [_thread_blocked, id=8540, stack(0x000000002a340000,0x000000002a440000)]
  0x000000001f9d9800 JavaThread "jar transforms Thread 224" [_thread_blocked, id=3232, stack(0x000000002a240000,0x000000002a340000)]
  0x000000001ef33000 JavaThread "jar transforms Thread 223" [_thread_blocked, id=5904, stack(0x000000002a140000,0x000000002a240000)]
  0x000000001ef32000 JavaThread "jar transforms Thread 222" [_thread_blocked, id=6716, stack(0x000000002a040000,0x000000002a140000)]
  0x000000001ef31800 JavaThread "jar transforms Thread 221" [_thread_blocked, id=10440, stack(0x0000000029f40000,0x000000002a040000)]
  0x000000001ef30800 JavaThread "jar transforms Thread 220" [_thread_blocked, id=10708, stack(0x0000000029e40000,0x0000000029f40000)]
  0x000000001ef30000 JavaThread "jar transforms Thread 219" [_thread_blocked, id=9172, stack(0x0000000029d40000,0x0000000029e40000)]
  0x000000001ef35000 JavaThread "jar transforms Thread 218" [_thread_blocked, id=6272, stack(0x0000000029c40000,0x0000000029d40000)]
  0x000000001ef33800 JavaThread "jar transforms Thread 217" [_thread_blocked, id=11976, stack(0x0000000029a40000,0x0000000029b40000)]
  0x000000001ef2f000 JavaThread "jar transforms Thread 216" [_thread_blocked, id=9524, stack(0x0000000029940000,0x0000000029a40000)]
  0x000000001ef34800 JavaThread "jar transforms Thread 215" [_thread_blocked, id=6796, stack(0x0000000029840000,0x0000000029940000)]
  0x000000001ef27800 JavaThread "jar transforms Thread 214" [_thread_blocked, id=10924, stack(0x0000000029740000,0x0000000029840000)]
  0x000000001ef2a800 JavaThread "jar transforms Thread 213" [_thread_blocked, id=9828, stack(0x0000000029640000,0x0000000029740000)]
  0x000000001ef2e800 JavaThread "jar transforms Thread 212" [_thread_blocked, id=4864, stack(0x0000000029540000,0x0000000029640000)]
  0x000000001ef2d800 JavaThread "jar transforms Thread 211" [_thread_blocked, id=9092, stack(0x0000000029440000,0x0000000029540000)]
  0x000000001ef29000 JavaThread "jar transforms Thread 210" [_thread_blocked, id=8916, stack(0x0000000029340000,0x0000000029440000)]
  0x000000001ef28800 JavaThread "jar transforms Thread 209" [_thread_blocked, id=9808, stack(0x0000000029240000,0x0000000029340000)]
  0x000000001ef2d000 JavaThread "jar transforms Thread 208" [_thread_blocked, id=6220, stack(0x0000000029140000,0x0000000029240000)]
  0x000000001ef2c000 JavaThread "jar transforms Thread 207" [_thread_blocked, id=11940, stack(0x0000000029040000,0x0000000029140000)]
  0x000000001ef2a000 JavaThread "jar transforms Thread 206" [_thread_blocked, id=2724, stack(0x0000000028f40000,0x0000000029040000)]
  0x000000001ef2b800 JavaThread "jar transforms Thread 205" [_thread_blocked, id=1468, stack(0x0000000028e40000,0x0000000028f40000)]
  0x000000001ef26000 JavaThread "jar transforms Thread 204" [_thread_blocked, id=4500, stack(0x0000000028d40000,0x0000000028e40000)]
  0x000000001ef27000 JavaThread "jar transforms Thread 203" [_thread_blocked, id=11920, stack(0x0000000028c40000,0x0000000028d40000)]
  0x000000001ebc0800 JavaThread "jar transforms Thread 202" [_thread_blocked, id=5092, stack(0x0000000028b40000,0x0000000028c40000)]
  0x000000001ebc2800 JavaThread "jar transforms Thread 201" [_thread_blocked, id=11156, stack(0x0000000028a40000,0x0000000028b40000)]
  0x000000001ebc3800 JavaThread "jar transforms Thread 200" [_thread_blocked, id=12276, stack(0x0000000028940000,0x0000000028a40000)]
  0x000000001ebbf000 JavaThread "jar transforms Thread 199" [_thread_blocked, id=12012, stack(0x0000000028840000,0x0000000028940000)]
  0x000000001ebbe000 JavaThread "jar transforms Thread 198" [_thread_blocked, id=9332, stack(0x0000000028740000,0x0000000028840000)]
  0x000000001ebbf800 JavaThread "jar transforms Thread 197" [_thread_blocked, id=972, stack(0x0000000028640000,0x0000000028740000)]
  0x000000001ebc2000 JavaThread "jar transforms Thread 196" [_thread_blocked, id=11612, stack(0x0000000028540000,0x0000000028640000)]
  0x000000001ebc1000 JavaThread "jar transforms Thread 195" [_thread_blocked, id=10704, stack(0x0000000028440000,0x0000000028540000)]
  0x000000001ebb6800 JavaThread "jar transforms Thread 194" [_thread_blocked, id=5832, stack(0x0000000028340000,0x0000000028440000)]
  0x000000001ebbd800 JavaThread "jar transforms Thread 193" [_thread_blocked, id=9180, stack(0x0000000028240000,0x0000000028340000)]
  0x000000001ebb6000 JavaThread "jar transforms Thread 192" [_thread_blocked, id=1520, stack(0x0000000028140000,0x0000000028240000)]
  0x000000001ebbc000 JavaThread "jar transforms Thread 191" [_thread_blocked, id=244, stack(0x0000000028040000,0x0000000028140000)]
  0x000000001ebb8000 JavaThread "jar transforms Thread 190" [_thread_blocked, id=1716, stack(0x0000000027f40000,0x0000000028040000)]
  0x000000001ebba800 JavaThread "jar transforms Thread 189" [_thread_blocked, id=10460, stack(0x0000000027e40000,0x0000000027f40000)]
  0x000000001ebbc800 JavaThread "jar transforms Thread 188" [_thread_blocked, id=6292, stack(0x0000000027d40000,0x0000000027e40000)]
  0x000000001ebb9800 JavaThread "jar transforms Thread 187" [_thread_blocked, id=5684, stack(0x0000000027c40000,0x0000000027d40000)]
  0x000000001ebbb000 JavaThread "jar transforms Thread 186" [_thread_blocked, id=8572, stack(0x0000000027b40000,0x0000000027c40000)]
  0x000000001ebb5000 JavaThread "jar transforms Thread 185" [_thread_blocked, id=1940, stack(0x0000000027a40000,0x0000000027b40000)]
  0x000000001ebb4800 JavaThread "jar transforms Thread 184" [_thread_blocked, id=9176, stack(0x0000000027940000,0x0000000027a40000)]
  0x000000001ebb7800 JavaThread "jar transforms Thread 183" [_thread_blocked, id=12172, stack(0x0000000027840000,0x0000000027940000)]
  0x000000001ebb9000 JavaThread "jar transforms Thread 182" [_thread_blocked, id=5364, stack(0x0000000027740000,0x0000000027840000)]
  0x000000001a2d2000 JavaThread "jar transforms Thread 181" [_thread_blocked, id=5948, stack(0x0000000027640000,0x0000000027740000)]
  0x000000001a2ce000 JavaThread "jar transforms Thread 180" [_thread_blocked, id=6208, stack(0x0000000027540000,0x0000000027640000)]
  0x000000001a2d5000 JavaThread "jar transforms Thread 179" [_thread_blocked, id=1428, stack(0x0000000027440000,0x0000000027540000)]
  0x000000001a2d1000 JavaThread "jar transforms Thread 178" [_thread_blocked, id=11988, stack(0x0000000027340000,0x0000000027440000)]
  0x000000001a2d0800 JavaThread "jar transforms Thread 177" [_thread_blocked, id=10904, stack(0x0000000027240000,0x0000000027340000)]
  0x000000001a2d3800 JavaThread "jar transforms Thread 176" [_thread_blocked, id=4700, stack(0x0000000027140000,0x0000000027240000)]
  0x000000001a2d2800 JavaThread "jar transforms Thread 175" [_thread_blocked, id=10492, stack(0x0000000027040000,0x0000000027140000)]
  0x000000001a2d4000 JavaThread "jar transforms Thread 174" [_thread_blocked, id=11668, stack(0x0000000026f40000,0x0000000027040000)]
  0x000000001a2cf800 JavaThread "jar transforms Thread 173" [_thread_blocked, id=7572, stack(0x0000000026e40000,0x0000000026f40000)]
  0x000000001a0c2800 JavaThread "jar transforms Thread 172" [_thread_blocked, id=10988, stack(0x0000000026d40000,0x0000000026e40000)]
  0x000000001a0c7000 JavaThread "jar transforms Thread 171" [_thread_blocked, id=10888, stack(0x0000000026c40000,0x0000000026d40000)]
  0x000000001a0c5800 JavaThread "jar transforms Thread 170" [_thread_blocked, id=7084, stack(0x0000000026b40000,0x0000000026c40000)]
  0x000000001a0c4000 JavaThread "jar transforms Thread 169" [_thread_blocked, id=1712, stack(0x0000000026a40000,0x0000000026b40000)]
  0x000000001a0b9800 JavaThread "jar transforms Thread 168" [_thread_blocked, id=12000, stack(0x0000000026940000,0x0000000026a40000)]
  0x000000001a0c0800 JavaThread "jar transforms Thread 167" [_thread_blocked, id=9572, stack(0x0000000026840000,0x0000000026940000)]
  0x000000001a0bf800 JavaThread "jar transforms Thread 166" [_thread_blocked, id=11400, stack(0x0000000026740000,0x0000000026840000)]
  0x000000001a0b9000 JavaThread "jar transforms Thread 165" [_thread_blocked, id=3916, stack(0x0000000026640000,0x0000000026740000)]
  0x000000001a0bc000 JavaThread "jar transforms Thread 164" [_thread_blocked, id=11256, stack(0x0000000026540000,0x0000000026640000)]
  0x000000001a0bf000 JavaThread "jar transforms Thread 163" [_thread_blocked, id=3848, stack(0x0000000026440000,0x0000000026540000)]
  0x000000001a0be000 JavaThread "jar transforms Thread 162" [_thread_blocked, id=11908, stack(0x0000000026340000,0x0000000026440000)]
  0x000000001a0bb000 JavaThread "jar transforms Thread 161" [_thread_blocked, id=4340, stack(0x0000000026240000,0x0000000026340000)]
  0x000000001a0ba800 JavaThread "jar transforms Thread 160" [_thread_blocked, id=3972, stack(0x0000000026140000,0x0000000026240000)]
  0x000000001a0bd800 JavaThread "jar transforms Thread 159" [_thread_blocked, id=1972, stack(0x0000000026040000,0x0000000026140000)]
  0x000000001a0bc800 JavaThread "jar transforms Thread 158" [_thread_blocked, id=8844, stack(0x0000000025f40000,0x0000000026040000)]
  0x000000001868a800 JavaThread "jar transforms Thread 157" [_thread_blocked, id=11624, stack(0x0000000025e40000,0x0000000025f40000)]
  0x000000001868d800 JavaThread "jar transforms Thread 156" [_thread_blocked, id=7848, stack(0x0000000025d40000,0x0000000025e40000)]
  0x000000001868d000 JavaThread "jar transforms Thread 155" [_thread_blocked, id=9892, stack(0x0000000025c40000,0x0000000025d40000)]
  0x000000001868e800 JavaThread "jar transforms Thread 154" [_thread_blocked, id=2860, stack(0x0000000025b40000,0x0000000025c40000)]
  0x000000001868a000 JavaThread "jar transforms Thread 153" [_thread_blocked, id=1136, stack(0x0000000025a40000,0x0000000025b40000)]
  0x000000001868c000 JavaThread "jar transforms Thread 152" [_thread_blocked, id=2812, stack(0x0000000025940000,0x0000000025a40000)]
  0x000000001868b800 JavaThread "jar transforms Thread 151" [_thread_blocked, id=2952, stack(0x0000000025840000,0x0000000025940000)]
  0x0000000018682800 JavaThread "jar transforms Thread 150" [_thread_blocked, id=10184, stack(0x0000000025740000,0x0000000025840000)]
  0x0000000018689000 JavaThread "jar transforms Thread 149" [_thread_blocked, id=2936, stack(0x0000000025640000,0x0000000025740000)]
  0x0000000018681800 JavaThread "jar transforms Thread 148" [_thread_blocked, id=10300, stack(0x0000000025540000,0x0000000025640000)]
  0x0000000018687800 JavaThread "jar transforms Thread 147" [_thread_blocked, id=10548, stack(0x0000000025440000,0x0000000025540000)]
  0x0000000018683000 JavaThread "jar transforms Thread 146" [_thread_blocked, id=11476, stack(0x0000000025340000,0x0000000025440000)]
  0x0000000018687000 JavaThread "jar transforms Thread 145" [_thread_blocked, id=2216, stack(0x0000000025240000,0x0000000025340000)]
  0x0000000018686000 JavaThread "jar transforms Thread 144" [_thread_blocked, id=5016, stack(0x0000000025140000,0x0000000025240000)]
  0x0000000018684800 JavaThread "jar transforms Thread 143" [_thread_blocked, id=2384, stack(0x0000000025040000,0x0000000025140000)]
  0x0000000018684000 JavaThread "jar transforms Thread 142" [_thread_blocked, id=2060, stack(0x0000000024f40000,0x0000000025040000)]
  0x0000000018685800 JavaThread "jar transforms Thread 141" [_thread_blocked, id=3780, stack(0x0000000024e40000,0x0000000024f40000)]
  0x000000001fbf9000 JavaThread "jar transforms Thread 140" [_thread_blocked, id=8604, stack(0x0000000024d40000,0x0000000024e40000)]
  0x000000001fbf4800 JavaThread "jar transforms Thread 139" [_thread_blocked, id=11864, stack(0x0000000024c40000,0x0000000024d40000)]
  0x000000001fbf8000 JavaThread "jar transforms Thread 138" [_thread_blocked, id=11132, stack(0x0000000024b40000,0x0000000024c40000)]
  0x000000001fbf6800 JavaThread "jar transforms Thread 137" [_thread_blocked, id=6480, stack(0x0000000024a40000,0x0000000024b40000)]
  0x000000001fbf7800 JavaThread "jar transforms Thread 136" [_thread_blocked, id=11176, stack(0x0000000024940000,0x0000000024a40000)]
  0x000000001fbf3800 JavaThread "jar transforms Thread 135" [_thread_blocked, id=8564, stack(0x0000000024840000,0x0000000024940000)]
  0x000000001fbf3000 JavaThread "jar transforms Thread 134" [_thread_blocked, id=7932, stack(0x0000000024740000,0x0000000024840000)]
  0x000000001fbef000 JavaThread "jar transforms Thread 133" [_thread_blocked, id=12084, stack(0x0000000024640000,0x0000000024740000)]
  0x000000001fbf6000 JavaThread "jar transforms Thread 132" [_thread_blocked, id=9636, stack(0x0000000024540000,0x0000000024640000)]
  0x000000001fbf5000 JavaThread "jar transforms Thread 131" [_thread_blocked, id=10632, stack(0x0000000023d60000,0x0000000023e60000)]
  0x000000001fbf2000 JavaThread "jar transforms Thread 130" [_thread_blocked, id=5288, stack(0x0000000022470000,0x0000000022570000)]
  0x000000001fbeb800 JavaThread "jar transforms Thread 129" [_thread_blocked, id=7472, stack(0x0000000021d70000,0x0000000021e70000)]
  0x000000001fbee800 JavaThread "jar transforms Thread 128" [_thread_blocked, id=4948, stack(0x0000000021a70000,0x0000000021b70000)]
  0x000000001fbea800 JavaThread "jar transforms Thread 127" [_thread_blocked, id=5976, stack(0x0000000021970000,0x0000000021a70000)]
  0x000000001fbf0000 JavaThread "jar transforms Thread 126" [_thread_blocked, id=5276, stack(0x0000000021670000,0x0000000021770000)]
  0x000000001fbed800 JavaThread "jar transforms Thread 125" [_thread_blocked, id=4288, stack(0x0000000021470000,0x0000000021570000)]
  0x000000001fbf0800 JavaThread "jar transforms Thread 124" [_thread_blocked, id=6536, stack(0x0000000021370000,0x0000000021470000)]
  0x000000001fbf1800 JavaThread "jar transforms Thread 123" [_thread_blocked, id=2028, stack(0x0000000021270000,0x0000000021370000)]
  0x000000001fbea000 JavaThread "jar transforms Thread 122" [_thread_blocked, id=7700, stack(0x0000000021170000,0x0000000021270000)]
  0x000000001fbed000 JavaThread "jar transforms Thread 121" [_thread_blocked, id=7372, stack(0x0000000021070000,0x0000000021170000)]
  0x000000001d06f000 JavaThread "jar transforms Thread 120" [_thread_blocked, id=8872, stack(0x0000000020f70000,0x0000000021070000)]
  0x000000001d067800 JavaThread "jar transforms Thread 119" [_thread_blocked, id=7016, stack(0x0000000020e70000,0x0000000020f70000)]
  0x000000001d06d800 JavaThread "jar transforms Thread 118" [_thread_blocked, id=10620, stack(0x0000000020d70000,0x0000000020e70000)]
  0x000000001d06d000 JavaThread "jar transforms Thread 117" [_thread_blocked, id=10296, stack(0x0000000020c70000,0x0000000020d70000)]
  0x000000001d06c000 JavaThread "jar transforms Thread 116" [_thread_blocked, id=7908, stack(0x0000000020b70000,0x0000000020c70000)]
  0x000000001d06a800 JavaThread "jar transforms Thread 115" [_thread_blocked, id=376, stack(0x0000000020a70000,0x0000000020b70000)]
  0x000000001d06e800 JavaThread "Build operations Thread 4" [_thread_blocked, id=7728, stack(0x0000000020970000,0x0000000020a70000)]
  0x000000001d068800 JavaThread "Build operations Thread 3" [_thread_blocked, id=2708, stack(0x0000000020870000,0x0000000020970000)]
  0x000000001d06a000 JavaThread "Build operations Thread 2" [_thread_blocked, id=8044, stack(0x0000000020770000,0x0000000020870000)]
  0x000000001d069000 JavaThread "Build operations" [_thread_blocked, id=11792, stack(0x0000000020670000,0x0000000020770000)]
  0x000000001d060000 JavaThread "Cache worker for Build Output Cleanup Cache (C:\Users\kma_s\Documents\PROJETOS ANDROID\ZENITECH\EMISSOR_WEB_VERSSIONADO\.gradle\buildOutputCleanup)" [_thread_blocked, id=2600, stack(0x0000000020570000,0x0000000020670000)]
  0x000000001d063000 JavaThread "Cache worker for cache directory md-rule (C:\Users\kma_s\.gradle\caches\6.8.3\md-rule)" [_thread_blocked, id=3944, stack(0x000000001f1c0000,0x000000001f2c0000)]
  0x000000001d064000 JavaThread "Cache worker for cache directory md-supplier (C:\Users\kma_s\.gradle\caches\6.8.3\md-supplier)" [_thread_blocked, id=11512, stack(0x000000001e050000,0x000000001e150000)]
  0x000000001d062800 JavaThread "Cache worker for checksums cache (C:\Users\kma_s\Documents\PROJETOS ANDROID\ZENITECH\EMISSOR_WEB_VERSSIONADO\.gradle\checksums)" [_thread_blocked, id=11116, stack(0x000000001df50000,0x000000001e050000)]
  0x000000001d067000 JavaThread "Cache worker for file hash cache (C:\Users\kma_s\Documents\PROJETOS ANDROID\ZENITECH\EMISSOR_WEB_VERSSIONADO\.gradle\6.8.3\fileHashes)" [_thread_blocked, id=9768, stack(0x000000001de50000,0x000000001df50000)]
  0x000000001d061800 JavaThread "Daemon client event forwarder" [_thread_blocked, id=10932, stack(0x000000001c680000,0x000000001c780000)]
  0x000000001d066000 JavaThread "Stdin handler" [_thread_blocked, id=9992, stack(0x000000001c280000,0x000000001c380000)]
  0x000000001d064800 JavaThread "Asynchronous log dispatcher for DefaultDaemonConnection: socket connection from /127.0.0.1:54975 to /127.0.0.1:55015" [_thread_blocked, id=10452, stack(0x000000001c180000,0x000000001c280000)]
  0x000000001d061000 JavaThread "Cancel handler" [_thread_blocked, id=6488, stack(0x0000000001610000,0x0000000001710000)]
  0x000000001d065800 JavaThread "Handler for socket connection from /127.0.0.1:54975 to /127.0.0.1:55015" [_thread_in_native, id=11016, stack(0x00000000014f0000,0x00000000015f0000)]
  0x000000001d06b800 JavaThread "Memory manager" [_thread_blocked, id=10052, stack(0x000000002ae40000,0x000000002af40000)]
  0x000000001a0c5000 JavaThread "Cache worker for file content cache (C:\Users\kma_s\.gradle\caches\6.8.3\fileContent)" [_thread_blocked, id=10456, stack(0x0000000022370000,0x0000000022470000)]
  0x000000001a0c2000 JavaThread "Cache worker for execution history cache (C:\Users\kma_s\.gradle\caches\6.8.3\executionHistory)" [_thread_blocked, id=10416, stack(0x0000000021e70000,0x0000000021f70000)]
  0x000000001a2cf000 JavaThread "Cache worker for journal cache (C:\Users\kma_s\.gradle\caches\journal-1)" [_thread_blocked, id=11340, stack(0x000000001cd80000,0x000000001ce80000)]
  0x000000001aa49000 JavaThread "File lock request listener" [_thread_in_native, id=10684, stack(0x000000001ca80000,0x000000001cb80000)]
  0x000000001aa68000 JavaThread "Cache worker for file hash cache (C:\Users\kma_s\.gradle\caches\6.8.3\fileHashes)" [_thread_blocked, id=2016, stack(0x000000001c980000,0x000000001ca80000)]
  0x000000001a9ca800 JavaThread "Daemon worker" [_thread_blocked, id=6648, stack(0x000000001c380000,0x000000001c480000)]
  0x0000000018d28800 JavaThread "Daemon" [_thread_blocked, id=7664, stack(0x000000001c080000,0x000000001c180000)]
  0x000000001a931000 JavaThread "Daemon periodic checks" [_thread_blocked, id=9832, stack(0x000000001bd80000,0x000000001be80000)]
  0x000000001a91b000 JavaThread "Incoming local TCP Connector on port 54975" [_thread_in_native, id=7480, stack(0x000000001bb20000,0x000000001bc20000)]
  0x00000000185a6000 JavaThread "Daemon health stats" [_thread_blocked, id=5952, stack(0x000000001a2e0000,0x000000001a3e0000)]
  0x0000000016bfc000 JavaThread "Service Thread" daemon [_thread_blocked, id=10388, stack(0x0000000018910000,0x0000000018a10000)]
=>0x0000000016bcd800 JavaThread "C1 CompilerThread2" daemon [_thread_in_vm, id=7644, stack(0x0000000018410000,0x0000000018510000)]
  0x0000000016bab000 JavaThread "C2 CompilerThread1" daemon [_thread_blocked, id=8828, stack(0x0000000018310000,0x0000000018410000)]
  0x0000000016ba8800 JavaThread "C2 CompilerThread0" daemon [_thread_blocked, id=7732, stack(0x0000000018210000,0x0000000018310000)]
  0x0000000016ba7000 JavaThread "Attach Listener" daemon [_thread_blocked, id=5768, stack(0x0000000018110000,0x0000000018210000)]
  0x0000000016ba6000 JavaThread "Signal Dispatcher" daemon [_thread_blocked, id=7516, stack(0x0000000018010000,0x0000000018110000)]
  0x000000000322c800 JavaThread "Finalizer" daemon [_thread_blocked, id=7708, stack(0x0000000017e00000,0x0000000017f00000)]
  0x0000000016b89000 JavaThread "Reference Handler" daemon [_thread_blocked, id=7308, stack(0x0000000017d00000,0x0000000017e00000)]
  0x00000000017ce800 JavaThread "main" [_thread_blocked, id=7528, stack(0x0000000003030000,0x0000000003130000)]

Other Threads:
  0x0000000016b66000 VMThread [stack: 0x0000000017c00000,0x0000000017d00000] [id=7712]
  0x0000000016bfc800 WatcherThread [stack: 0x0000000018a10000,0x0000000018b10000] [id=8100]

VM state:not at safepoint (normal execution)

VM Mutex/Monitor currently owned by a thread:  ([mutex/lock_event])
[0x00000000031313d0] MethodData_lock - owner thread: 0x0000000016bcd800

heap address: 0x00000000a0000000, size: 1536 MB, Compressed Oops mode: 32-bit
Narrow klass base: 0x0000000000000000, Narrow klass shift: 3
Compressed class space size: 1073741824 Address: 0x0000000100000000

Heap:
 PSYoungGen      total 446976K, used 247236K [0x00000000e0000000, 0x0000000100000000, 0x0000000100000000)
  eden space 410112K, 60% used [0x00000000e0000000,0x00000000ef171348,0x00000000f9080000)
  from space 36864K, 0% used [0x00000000fb480000,0x00000000fb480000,0x00000000fd880000)
  to   space 36864K, 0% used [0x00000000f9080000,0x00000000f9080000,0x00000000fb480000)
 ParOldGen       total 184832K, used 65255K [0x00000000a0000000, 0x00000000ab480000, 0x00000000e0000000)
  object space 184832K, 35% used [0x00000000a0000000,0x00000000a3fb9f50,0x00000000ab480000)
 Metaspace       used 99743K, capacity 105261K, committed 105344K, reserved 1140736K
  class space    used 13082K, capacity 14148K, committed 14208K, reserved 1048576K

Card table byte_map: [0x00000000125f0000,0x0000000012900000] byte_map_base: 0x00000000120f0000

Marking Bits: (ParMarkBitMap*) 0x0000000053cef030
 Begin Bits: [0x0000000012f00000, 0x0000000014700000)
 End Bits:   [0x0000000014700000, 0x0000000015f00000)

Polling page: 0x00000000017b0000

CodeCache: size=245760Kb used=39012Kb max_used=39033Kb free=206748Kb
 bounds [0x0000000003230000, 0x0000000005880000, 0x0000000012230000]
 total_blobs=12663 nmethods=11777 adapters=797
 compilation: enabled

Compilation events (10 events):
Event: 84.818 Thread 0x0000000016bcd800 nmethod 13810 0x000000000586e810 code [0x000000000586e9e0, 0x000000000586f068]
Event: 84.819 Thread 0x0000000016ba8800 13811       4       sun.nio.fs.WindowsPath::toWindowsPath (32 bytes)
Event: 84.820 Thread 0x0000000016ba8800 nmethod 13811 0x000000000586e590 code [0x000000000586e6c0, 0x000000000586e758]
Event: 84.833 Thread 0x0000000016bcd800 13812       3       java.nio.file.Files::newDirectoryStream (12 bytes)
Event: 84.834 Thread 0x0000000016bcd800 nmethod 13812 0x0000000005874b10 code [0x0000000005874ca0, 0x0000000005875088]
Event: 84.842 Thread 0x0000000016bcd800 13814       3       sun.nio.fs.WindowsFileSystemProvider::readAttributes (63 bytes)
Event: 84.842 Thread 0x0000000016bcd800 nmethod 13814 0x0000000005873d50 code [0x0000000005873f20, 0x0000000005874558]
Event: 84.842 Thread 0x0000000016bcd800 13815       3       sun.nio.fs.WindowsFileAttributeViews$Basic::readAttributes (5 bytes)
Event: 84.843 Thread 0x0000000016bcd800 nmethod 13815 0x0000000005864e50 code [0x0000000005864fc0, 0x00000000058651c8]
Event: 84.843 Thread 0x0000000016bcd800 13816   !   3       sun.nio.fs.WindowsFileAttributeViews$Basic::readAttributes (30 bytes)

GC Heap History (10 events):
Event: 16.277 GC heap before
{Heap before GC invocations=14 (full 3):
 PSYoungGen      total 289280K, used 272896K [0x00000000e0000000, 0x00000000f3680000, 0x0000000100000000)
  eden space 272896K, 100% used [0x00000000e0000000,0x00000000f0a80000,0x00000000f0a80000)
  from space 16384K, 0% used [0x00000000f2200000,0x00000000f2200000,0x00000000f3200000)
  to   space 22528K, 0% used [0x00000000f0a80000,0x00000000f0a80000,0x00000000f2080000)
 ParOldGen       total 131072K, used 39112K [0x00000000a0000000, 0x00000000a8000000, 0x00000000e0000000)
  object space 131072K, 29% used [0x00000000a0000000,0x00000000a2632190,0x00000000a8000000)
 Metaspace       used 71802K, capacity 75158K, committed 75392K, reserved 1114112K
  class space    used 9708K, capacity 10338K, committed 10368K, reserved 1048576K
Event: 16.310 GC heap after
Heap after GC invocations=14 (full 3):
 PSYoungGen      total 295424K, used 22525K [0x00000000e0000000, 0x00000000f8580000, 0x0000000100000000)
  eden space 272896K, 0% used [0x00000000e0000000,0x00000000e0000000,0x00000000f0a80000)
  from space 22528K, 99% used [0x00000000f0a80000,0x00000000f207f710,0x00000000f2080000)
  to   space 27136K, 0% used [0x00000000f6b00000,0x00000000f6b00000,0x00000000f8580000)
 ParOldGen       total 131072K, used 43310K [0x00000000a0000000, 0x00000000a8000000, 0x00000000e0000000)
  object space 131072K, 33% used [0x00000000a0000000,0x00000000a2a4ba08,0x00000000a8000000)
 Metaspace       used 71802K, capacity 75158K, committed 75392K, reserved 1114112K
  class space    used 9708K, capacity 10338K, committed 10368K, reserved 1048576K
}
Event: 20.619 GC heap before
{Heap before GC invocations=15 (full 3):
 PSYoungGen      total 295424K, used 295421K [0x00000000e0000000, 0x00000000f8580000, 0x0000000100000000)
  eden space 272896K, 100% used [0x00000000e0000000,0x00000000f0a80000,0x00000000f0a80000)
  from space 22528K, 99% used [0x00000000f0a80000,0x00000000f207f710,0x00000000f2080000)
  to   space 27136K, 0% used [0x00000000f6b00000,0x00000000f6b00000,0x00000000f8580000)
 ParOldGen       total 131072K, used 43310K [0x00000000a0000000, 0x00000000a8000000, 0x00000000e0000000)
  object space 131072K, 33% used [0x00000000a0000000,0x00000000a2a4ba08,0x00000000a8000000)
 Metaspace       used 83353K, capacity 87622K, committed 87808K, reserved 1124352K
  class space    used 11224K, capacity 12027K, committed 12032K, reserved 1048576K
Event: 20.662 GC heap after
Heap after GC invocations=15 (full 3):
 PSYoungGen      total 367104K, used 22841K [0x00000000e0000000, 0x00000000f8600000, 0x0000000100000000)
  eden space 339968K, 0% used [0x00000000e0000000,0x00000000e0000000,0x00000000f4c00000)
  from space 27136K, 84% used [0x00000000f6b00000,0x00000000f814e760,0x00000000f8580000)
  to   space 29696K, 0% used [0x00000000f4c00000,0x00000000f4c00000,0x00000000f6900000)
 ParOldGen       total 131072K, used 58273K [0x00000000a0000000, 0x00000000a8000000, 0x00000000e0000000)
  object space 131072K, 44% used [0x00000000a0000000,0x00000000a38e8490,0x00000000a8000000)
 Metaspace       used 83353K, capacity 87622K, committed 87808K, reserved 1124352K
  class space    used 11224K, capacity 12027K, committed 12032K, reserved 1048576K
}
Event: 82.441 GC heap before
{Heap before GC invocations=16 (full 3):
 PSYoungGen      total 367104K, used 362809K [0x00000000e0000000, 0x00000000f8600000, 0x0000000100000000)
  eden space 339968K, 100% used [0x00000000e0000000,0x00000000f4c00000,0x00000000f4c00000)
  from space 27136K, 84% used [0x00000000f6b00000,0x00000000f814e760,0x00000000f8580000)
  to   space 29696K, 0% used [0x00000000f4c00000,0x00000000f4c00000,0x00000000f6900000)
 ParOldGen       total 131072K, used 58273K [0x00000000a0000000, 0x00000000a8000000, 0x00000000e0000000)
  object space 131072K, 44% used [0x00000000a0000000,0x00000000a38e8490,0x00000000a8000000)
 Metaspace       used 93406K, capacity 98298K, committed 98432K, reserved 1134592K
  class space    used 12354K, capacity 13332K, committed 13440K, reserved 1048576K
Event: 82.470 GC heap after
Heap after GC invocations=16 (full 3):
 PSYoungGen      total 369664K, used 29668K [0x00000000e0000000, 0x00000000fd880000, 0x0000000100000000)
  eden space 339968K, 0% used [0x00000000e0000000,0x00000000e0000000,0x00000000f4c00000)
  from space 29696K, 99% used [0x00000000f4c00000,0x00000000f68f9258,0x00000000f6900000)
  to   space 36864K, 0% used [0x00000000fb480000,0x00000000fb480000,0x00000000fd880000)
 ParOldGen       total 131072K, used 64712K [0x00000000a0000000, 0x00000000a8000000, 0x00000000e0000000)
  object space 131072K, 49% used [0x00000000a0000000,0x00000000a3f32328,0x00000000a8000000)
 Metaspace       used 93406K, capacity 98298K, committed 98432K, reserved 1134592K
  class space    used 12354K, capacity 13332K, committed 13440K, reserved 1048576K
}
Event: 82.668 GC heap before
{Heap before GC invocations=17 (full 3):
 PSYoungGen      total 369664K, used 75104K [0x00000000e0000000, 0x00000000fd880000, 0x0000000100000000)
  eden space 339968K, 13% used [0x00000000e0000000,0x00000000e2c5f0f0,0x00000000f4c00000)
  from space 29696K, 99% used [0x00000000f4c00000,0x00000000f68f9258,0x00000000f6900000)
  to   space 36864K, 0% used [0x00000000fb480000,0x00000000fb480000,0x00000000fd880000)
 ParOldGen       total 131072K, used 64712K [0x00000000a0000000, 0x00000000a8000000, 0x00000000e0000000)
  object space 131072K, 49% used [0x00000000a0000000,0x00000000a3f32328,0x00000000a8000000)
 Metaspace       used 93530K, capacity 98459K, committed 98560K, reserved 1134592K
  class space    used 12361K, capacity 13339K, committed 13440K, reserved 1048576K
Event: 82.701 GC heap after
Heap after GC invocations=17 (full 3):
 PSYoungGen      total 446976K, used 2304K [0x00000000e0000000, 0x0000000100000000, 0x0000000100000000)
  eden space 410112K, 0% used [0x00000000e0000000,0x00000000e0000000,0x00000000f9080000)
  from space 36864K, 6% used [0x00000000fb480000,0x00000000fb6c0000,0x00000000fd880000)
  to   space 36864K, 0% used [0x00000000f9080000,0x00000000f9080000,0x00000000fb480000)
 ParOldGen       total 131072K, used 93263K [0x00000000a0000000, 0x00000000a8000000, 0x00000000e0000000)
  object space 131072K, 71% used [0x00000000a0000000,0x00000000a5b13fa8,0x00000000a8000000)
 Metaspace       used 93530K, capacity 98459K, committed 98560K, reserved 1134592K
  class space    used 12361K, capacity 13339K, committed 13440K, reserved 1048576K
}
Event: 82.701 GC heap before
{Heap before GC invocations=18 (full 4):
 PSYoungGen      total 446976K, used 2304K [0x00000000e0000000, 0x0000000100000000, 0x0000000100000000)
  eden space 410112K, 0% used [0x00000000e0000000,0x00000000e0000000,0x00000000f9080000)
  from space 36864K, 6% used [0x00000000fb480000,0x00000000fb6c0000,0x00000000fd880000)
  to   space 36864K, 0% used [0x00000000f9080000,0x00000000f9080000,0x00000000fb480000)
 ParOldGen       total 131072K, used 93263K [0x00000000a0000000, 0x00000000a8000000, 0x00000000e0000000)
  object space 131072K, 71% used [0x00000000a0000000,0x00000000a5b13fa8,0x00000000a8000000)
 Metaspace       used 93530K, capacity 98459K, committed 98560K, reserved 1134592K
  class space    used 12361K, capacity 13339K, committed 13440K, reserved 1048576K
Event: 82.904 GC heap after
Heap after GC invocations=18 (full 4):
 PSYoungGen      total 446976K, used 0K [0x00000000e0000000, 0x0000000100000000, 0x0000000100000000)
  eden space 410112K, 0% used [0x00000000e0000000,0x00000000e0000000,0x00000000f9080000)
  from space 36864K, 0% used [0x00000000fb480000,0x00000000fb480000,0x00000000fd880000)
  to   space 36864K, 0% used [0x00000000f9080000,0x00000000f9080000,0x00000000fb480000)
 ParOldGen       total 184832K, used 65255K [0x00000000a0000000, 0x00000000ab480000, 0x00000000e0000000)
  object space 184832K, 35% used [0x00000000a0000000,0x00000000a3fb9f50,0x00000000ab480000)
 Metaspace       used 93510K, capacity 98397K, committed 98560K, reserved 1134592K
  class space    used 12355K, capacity 13328K, committed 13440K, reserved 1048576K
}

Deoptimization events (10 events):
Event: 83.855 Thread 0x000000001f9d5000 Uncommon trap: reason=bimorphic action=maybe_recompile pc=0x00000000056a0410 method=org.gradle.internal.snapshot.DirectorySnapshot.accept(Lorg/gradle/internal/snapshot/PathTracker;Lorg/gradle/internal/snapshot/RelativePathTrackingFileSystemSnapshotHierarc
Event: 83.855 Thread 0x000000001f9d5000 Uncommon trap: reason=bimorphic action=maybe_recompile pc=0x00000000056a4688 method=org.gradle.internal.snapshot.DirectorySnapshot.accept(Lorg/gradle/internal/snapshot/PathTracker;Lorg/gradle/internal/snapshot/RelativePathTrackingFileSystemSnapshotHierarc
Event: 83.911 Thread 0x000000001f9dc800 Uncommon trap: reason=bimorphic action=maybe_recompile pc=0x0000000005778d1c method=org.gradle.internal.snapshot.SnapshotUtil$1.handleAsDescendantOfChild(Lorg/gradle/internal/snapshot/VfsRelativePath;Lorg/gradle/internal/snapshot/FileSystemNode;)Ljava/uti
Event: 83.911 Thread 0x000000001f9dc800 Uncommon trap: reason=bimorphic action=maybe_recompile pc=0x0000000005778d08 method=org.gradle.internal.snapshot.SnapshotUtil$1.handleExactMatchWithChild(Lorg/gradle/internal/snapshot/FileSystemNode;)Ljava/util/Optional; @ 1
Event: 83.912 Thread 0x000000001f9dc800 Uncommon trap: reason=bimorphic action=maybe_recompile pc=0x0000000005778d08 method=org.gradle.internal.snapshot.SnapshotUtil$1.handleExactMatchWithChild(Lorg/gradle/internal/snapshot/FileSystemNode;)Ljava/util/Optional; @ 1
Event: 83.913 Thread 0x000000001f9dc800 Uncommon trap: reason=bimorphic action=maybe_recompile pc=0x0000000005778d08 method=org.gradle.internal.snapshot.SnapshotUtil$1.handleExactMatchWithChild(Lorg/gradle/internal/snapshot/FileSystemNode;)Ljava/util/Optional; @ 1
Event: 83.939 Thread 0x000000001f9dc800 Uncommon trap: reason=unstable_if action=reinterpret pc=0x00000000053f18e0 method=org.gradle.api.internal.AbstractTask.notifyProjectAccess()V @ 7
Event: 84.319 Thread 0x000000001f9dc800 Uncommon trap: reason=bimorphic action=maybe_recompile pc=0x0000000005033af0 method=java.util.stream.ReferencePipeline.collect(Ljava/util/stream/Collector;)Ljava/lang/Object; @ 118
Event: 84.570 Thread 0x000000001f9dc800 Uncommon trap: reason=unstable_if action=reinterpret pc=0x0000000003c1f4b8 method=com.sun.org.apache.xerces.internal.dom.DeferredDocumentImpl.clearChunkValue([[Ljava/lang/Object;II)Ljava/lang/String; @ 3
Event: 84.575 Thread 0x000000001f9dc800 Uncommon trap: reason=unstable_if action=reinterpret pc=0x0000000005689938 method=com.sun.org.apache.xerces.internal.impl.XMLEntityScanner.scanLiteral(ILcom/sun/org/apache/xerces/internal/xni/XMLString;Z)I @ 44

Classes redefined (0 events):
No events

Internal exceptions (10 events):
Event: 84.843 Thread 0x000000001f9dc800 Exception <a 'sun/nio/fs/WindowsException'> (0x00000000ef01fc10) thrown at [C:\src\AOSP-openjdk-git\hotspot\src\share\vm\prims\jni.cpp, line 710]
Event: 84.843 Thread 0x000000001f9dc800 Exception <a 'sun/nio/fs/WindowsException'> (0x00000000ef0208d0) thrown at [C:\src\AOSP-openjdk-git\hotspot\src\share\vm\prims\jni.cpp, line 710]
Event: 84.844 Thread 0x000000001f9dc800 Exception <a 'sun/nio/fs/WindowsException'> (0x00000000ef0245a0) thrown at [C:\src\AOSP-openjdk-git\hotspot\src\share\vm\prims\jni.cpp, line 710]
Event: 84.844 Thread 0x000000001f9dc800 Exception <a 'sun/nio/fs/WindowsException'> (0x00000000ef025248) thrown at [C:\src\AOSP-openjdk-git\hotspot\src\share\vm\prims\jni.cpp, line 710]
Event: 84.844 Thread 0x000000001f9dc800 Exception <a 'sun/nio/fs/WindowsException'> (0x00000000ef027a20) thrown at [C:\src\AOSP-openjdk-git\hotspot\src\share\vm\prims\jni.cpp, line 710]
Event: 84.844 Thread 0x000000001f9dc800 Exception <a 'sun/nio/fs/WindowsException'> (0x00000000ef0286d0) thrown at [C:\src\AOSP-openjdk-git\hotspot\src\share\vm\prims\jni.cpp, line 710]
Event: 84.845 Thread 0x000000001f9dc800 Exception <a 'sun/nio/fs/WindowsException'> (0x00000000ef02c3b8) thrown at [C:\src\AOSP-openjdk-git\hotspot\src\share\vm\prims\jni.cpp, line 710]
Event: 84.845 Thread 0x000000001f9dc800 Exception <a 'sun/nio/fs/WindowsException'> (0x00000000ef02d078) thrown at [C:\src\AOSP-openjdk-git\hotspot\src\share\vm\prims\jni.cpp, line 710]
Event: 84.845 Thread 0x000000001f9dc800 Exception <a 'sun/nio/fs/WindowsException'> (0x00000000ef02f8f0) thrown at [C:\src\AOSP-openjdk-git\hotspot\src\share\vm\prims\jni.cpp, line 710]
Event: 84.845 Thread 0x000000001f9dc800 Exception <a 'sun/nio/fs/WindowsException'> (0x00000000ef0305c0) thrown at [C:\src\AOSP-openjdk-git\hotspot\src\share\vm\prims\jni.cpp, line 710]

Events (10 events):
Event: 84.770 loading class java/util/stream/Node$OfLong done
Event: 84.771 loading class java/util/stream/Nodes$EmptyNode$OfLong done
Event: 84.771 loading class java/util/stream/Nodes$EmptyNode$OfDouble
Event: 84.771 loading class java/util/stream/Node$OfDouble
Event: 84.771 loading class java/util/stream/Node$OfDouble done
Event: 84.771 loading class java/util/stream/Nodes$EmptyNode$OfDouble done
Event: 84.771 loading class java/util/stream/Nodes$SpinedNodeBuilder
Event: 84.771 loading class java/util/stream/Node$Builder
Event: 84.771 loading class java/util/stream/Node$Builder done
Event: 84.771 loading class java/util/stream/Nodes$SpinedNodeBuilder done


Dynamic libraries:
0x00007ff7ec380000 - 0x00007ff7ec3b1000 	C:\Program Files\Android\Android Studio\jre\bin\java.exe
0x00007ffd55c70000 - 0x00007ffd55e65000 	C:\WINDOWS\SYSTEM32\ntdll.dll
0x00007ffd543f0000 - 0x00007ffd544ad000 	C:\WINDOWS\System32\KERNEL32.DLL
0x00007ffd53a00000 - 0x00007ffd53cc9000 	C:\WINDOWS\System32\KERNELBASE.dll
0x00007ffd54da0000 - 0x00007ffd54e4c000 	C:\WINDOWS\System32\ADVAPI32.dll
0x00007ffd55260000 - 0x00007ffd552fe000 	C:\WINDOWS\System32\msvcrt.dll
0x00007ffd55b90000 - 0x00007ffd55c2c000 	C:\WINDOWS\System32\sechost.dll
0x00007ffd54c70000 - 0x00007ffd54d9b000 	C:\WINDOWS\System32\RPCRT4.dll
0x00007ffd53db0000 - 0x00007ffd53f50000 	C:\WINDOWS\System32\USER32.dll
0x00007ffd539d0000 - 0x00007ffd539f2000 	C:\WINDOWS\System32\win32u.dll
0x00007ffd55300000 - 0x00007ffd5532a000 	C:\WINDOWS\System32\GDI32.dll
0x00007ffd534a0000 - 0x00007ffd535ab000 	C:\WINDOWS\System32\gdi32full.dll
0x00007ffd533b0000 - 0x00007ffd5344d000 	C:\WINDOWS\System32\msvcp_win.dll
0x00007ffd53850000 - 0x00007ffd53950000 	C:\WINDOWS\System32\ucrtbase.dll
0x00007ffd446c0000 - 0x00007ffd4495a000 	C:\WINDOWS\WinSxS\amd64_microsoft.windows.common-controls_6595b64144ccf1df_6.0.19041.844_none_ca00b6081b84eb1d\COMCTL32.dll
0x00007ffd543c0000 - 0x00007ffd543f0000 	C:\WINDOWS\System32\IMM32.DLL
0x0000000054850000 - 0x0000000054922000 	C:\Program Files\Android\Android Studio\jre\jre\bin\msvcr100.dll
0x0000000053520000 - 0x0000000053d6b000 	C:\Program Files\Android\Android Studio\jre\jre\bin\server\jvm.dll
0x00007ffd54c60000 - 0x00007ffd54c68000 	C:\WINDOWS\System32\PSAPI.DLL
0x00007ffd3b1d0000 - 0x00007ffd3b1d9000 	C:\WINDOWS\SYSTEM32\WSOCK32.dll
0x00007ffd55b20000 - 0x00007ffd55b8b000 	C:\WINDOWS\System32\WS2_32.dll
0x00007ffd4ca70000 - 0x00007ffd4ca97000 	C:\WINDOWS\SYSTEM32\WINMM.dll
0x00007ffd4ca30000 - 0x00007ffd4ca3a000 	C:\WINDOWS\SYSTEM32\VERSION.dll
0x00007ffd36a50000 - 0x00007ffd36a5f000 	C:\Program Files\Android\Android Studio\jre\jre\bin\verify.dll
0x00007ffd36a20000 - 0x00007ffd36a49000 	C:\Program Files\Android\Android Studio\jre\jre\bin\java.dll
0x00007ffd36a00000 - 0x00007ffd36a16000 	C:\Program Files\Android\Android Studio\jre\jre\bin\zip.dll
0x00007ffd544b0000 - 0x00007ffd54bf2000 	C:\WINDOWS\System32\SHELL32.dll
0x00007ffd514b0000 - 0x00007ffd51c40000 	C:\WINDOWS\SYSTEM32\windows.storage.dll
0x00007ffd554f0000 - 0x00007ffd55845000 	C:\WINDOWS\System32\combase.dll
0x00007ffd52e20000 - 0x00007ffd52e4c000 	C:\WINDOWS\SYSTEM32\Wldp.dll
0x00007ffd55a70000 - 0x00007ffd55b1e000 	C:\WINDOWS\System32\SHCORE.dll
0x00007ffd55a10000 - 0x00007ffd55a65000 	C:\WINDOWS\System32\shlwapi.dll
0x00007ffd532f0000 - 0x00007ffd5330f000 	C:\WINDOWS\SYSTEM32\profapi.dll
0x00007ffd4c030000 - 0x00007ffd4c04a000 	C:\Program Files\Android\Android Studio\jre\jre\bin\net.dll
0x00007ffd52ae0000 - 0x00007ffd52b4a000 	C:\WINDOWS\system32\mswsock.dll
0x00007ffd4c010000 - 0x00007ffd4c023000 	C:\Program Files\Android\Android Studio\jre\jre\bin\nio.dll
0x00007ffd19ab0000 - 0x00007ffd19ad6000 	C:\Users\kma_s\.gradle\native\fdc75f09e3144964f2cf3f50f0aa648679c211496f362492102eb8c894070792\windows-amd64\native-platform.dll
0x00007ffd11500000 - 0x00007ffd11691000 	C:\Users\kma_s\.gradle\native\12488b8bf47d2d4c9fbf2f6322a914ad602e24e48041cd04a747c6da556b65c4\windows-amd64\native-platform-file-events.dll
0x00007ffd4c000000 - 0x00007ffd4c00d000 	C:\Program Files\Android\Android Studio\jre\jre\bin\management.dll
0x00007ffd52cf0000 - 0x00007ffd52d08000 	C:\WINDOWS\SYSTEM32\CRYPTSP.dll
0x00007ffd52430000 - 0x00007ffd52464000 	C:\WINDOWS\system32\rsaenh.dll
0x00007ffd53820000 - 0x00007ffd53847000 	C:\WINDOWS\System32\bcrypt.dll
0x00007ffd53270000 - 0x00007ffd5329e000 	C:\WINDOWS\SYSTEM32\USERENV.dll
0x00007ffd53950000 - 0x00007ffd539d0000 	C:\WINDOWS\System32\bcryptprimitives.dll
0x00007ffd52ce0000 - 0x00007ffd52cec000 	C:\WINDOWS\SYSTEM32\CRYPTBASE.dll
0x00007ffd52790000 - 0x00007ffd527cb000 	C:\WINDOWS\SYSTEM32\IPHLPAPI.DLL
0x00007ffd55a00000 - 0x00007ffd55a08000 	C:\WINDOWS\System32\NSI.dll
0x00007ffd4d8d0000 - 0x00007ffd4d8e7000 	C:\WINDOWS\SYSTEM32\dhcpcsvc6.DLL
0x00007ffd4d8b0000 - 0x00007ffd4d8cd000 	C:\WINDOWS\SYSTEM32\dhcpcsvc.DLL
0x00007ffd527d0000 - 0x00007ffd5289b000 	C:\WINDOWS\SYSTEM32\DNSAPI.dll
0x00007ffd4d8f0000 - 0x00007ffd4d8fb000 	C:\WINDOWS\SYSTEM32\WINNSI.DLL
0x00007ffd41470000 - 0x00007ffd41654000 	C:\WINDOWS\SYSTEM32\dbghelp.dll

VM Arguments:
jvm_args: -Xmx1536m -Dfile.encoding=windows-1252 -Duser.country=BR -Duser.language=pt -Duser.variant 
java_command: org.gradle.launcher.daemon.bootstrap.GradleDaemon 6.8.3
java_class_path (initial): C:\Users\kma_s\.gradle\wrapper\dists\gradle-6.8.3-all\6czipnbiesy2sl92ioo8dht91\gradle-6.8.3\lib\gradle-launcher-6.8.3.jar
Launcher Type: SUN_STANDARD

Environment Variables:
JAVA_HOME=C:\Program Files\Java\jdk-13.0.1
PATH=C:\WINDOWS\system32;C:\WINDOWS;C:\WINDOWS\System32\Wbem;C:\WINDOWS\System32\WindowsPowerShell\v1.0\;C:\WINDOWS\System32\OpenSSH\;C:\Program Files\dotnet\;C:\Program Files\TortoiseSVN\bin;C:\Program Files\Git\cmd;C:\flutter\bin;C:\Users\kma_s\AppData\Local\Microsoft\WindowsApps;C:\Users\kma_s\AppData\Local\Programs\Microsoft VS Code\bin;C:\Users\kma_s\AppData\Local\GitHubDesktop\bin;C:\Users\kma_s\AppData\Local\Microsoft\WindowsApps;C:\Users\kma_s\.dotnet\tools;C:\Users\kma_s\AppData\Local\JetBrains\JetBrains Rider 2020.3.4\bin;
USERNAME=kma_s
OS=Windows_NT
PROCESSOR_IDENTIFIER=Intel64 Family 6 Model 60 Stepping 3, GenuineIntel



---------------  S Y S T E M  ---------------

OS: Windows 10.0 , 64 bit Build 19041 (10.0.19041.804)

CPU:total 4 (initial active 4) (4 cores per cpu, 1 threads per core) family 6 model 60 stepping 3, cmov, cx8, fxsr, mmx, sse, sse2, sse3, ssse3, sse4.1, sse4.2, popcnt, avx, avx2, aes, clmul, erms, lzcnt, tsc, tscinvbit, bmi1, bmi2

Memory: 4k page, physical 8252640k(2475868k free), swap 12971232k(5671652k free)

vm_info: OpenJDK 64-Bit Server VM (25.242-b01) for windows-amd64 JRE (1.8.0_242-release-1644-b01), built by "builder" with MS VC++ 10.0 (VS2010)

time: Wed Apr 14 15:16:40 2021
timezone: Hora Padrão de Buenos Aires
elapsed time: 84 seconds (0d 0h 1m 24s)

