#
# A fatal error has been detected by the Java Runtime Environment:
#
#  EXCEPTION_ACCESS_VIOLATION (0xc0000005) at pc=0x000000000000000a, pid=1420, tid=5488
#
# JRE version: OpenJDK Runtime Environment (11.0.10) (build 11.0.10+0-b96-7249189)
# Java VM: OpenJDK 64-Bit Server VM (11.0.10+0-b96-7249189, mixed mode, tiered, compressed oops, g1 gc, windows-amd64)
# Problematic frame:
# C  0x000000000000000a
#
# No core dump will be written. Minidumps are not enabled by default on client versions of Windows
#
# If you would like to submit a bug report, please visit:
#   https://bugreport.java.com/bugreport/crash.jsp
#

---------------  S U M M A R Y ------------

Command Line: org.jetbrains.kotlin.cli.jvm.K2JVMCompiler @C:\Users\kma_s\Documents\PROJETOS ANDROID\ZENITECH\EMISSOR_WEB_VERSSIONADO\app\build\20220121_12009835141020792026.compiler.options

Host: Intel(R) Core(TM) i5-4670K CPU @ 3.40GHz, 4 cores, 7G,  Windows 10 , 64 bit Build 19041 (10.0.19041.1348)
Time: Fri Jan 21 09:13:28 2022 Hora Padrão de Buenos Aires elapsed time: 3.801639 seconds (0d 0h 0m 3s)

---------------  T H R E A D  ---------------

Current thread (0x000001d8abd0d800):  GCTaskThread "GC Thread#2" [stack: 0x000000a6d4f00000,0x000000a6d5000000] [id=5488]

Stack: [0x000000a6d4f00000,0x000000a6d5000000],  sp=0x000000a6d4fff2d8,  free space=1020k
Native frames: (J=compiled Java code, j=interpreted, Vv=VM code, C=native code)
C  0x000000000000000a


siginfo: EXCEPTION_ACCESS_VIOLATION (0xc0000005), data execution prevention violation at address 0x000000000000000a


Register to memory mapping:

RIP=0x000000000000000a is an unknown value
RAX=0x00000000000001d8 is an unknown value
RBX=0x0000000087b07ca8 is an oop: 
[error occurred during error reporting (printing register info), id 0xc0000005, EXCEPTION_ACCESS_VIOLATION (0xc0000005) at pc=0x00007ffd3836a02d]

Registers:
RAX=0x00000000000001d8, RBX=0x0000000087b07ca8, RCX=0x000001d8b0a18570, RDX=0x0000000087b07ca8
RSP=0x000000a6d4fff2d8, RBP=0x000000000000000d, RSI=0x000001d8b0a18400, RDI=0x000001d8b0a18400
R8 =0x000000010001b618, R9 =0x00007ffd38723400, R10=0x0000000000000000, R11=0x000001d8b047d8a0
R12=0xffffffff8000001b, R13=0x0000000000000000, R14=0x0000000000000001, R15=0x0000000087b07ca8
RIP=0x000000000000000a, EFLAGS=0x0000000000010206

Top of Stack: (sp=0x000000a6d4fff2d8)
0x000000a6d4fff2d8:   00007ffd3808fd67 0000000087b07ca8
0x000000a6d4fff2e8:   000000000000000d 000001d891497930
0x000000a6d4fff2f8:   000001d8b0a18400 0000000000000000
0x000000a6d4fff308:   00007ffd3808f854 000001d8b0a18400
0x000000a6d4fff318:   00000000888b2801 000000000000000d
0x000000a6d4fff328:   000000000000000d 000001d891403f60
0x000000a6d4fff338:   00000000823f65e8 00000002888b2802
0x000000a6d4fff348:   0000000000000015 0000000000000001
0x000000a6d4fff358:   000001d8b0a18400 0000000000000040
0x000000a6d4fff368:   000001d891403fe0 0000000000000000
0x000000a6d4fff378:   000001d8b0a18400 000000a6d4fff601
0x000000a6d4fff388:   00007ffd38061282 000001d8b0a18400
0x000000a6d4fff398:   00007ffd38099d01 0000000000001c00
0x000000a6d4fff3a8:   00000000888b2860 000001d891403f60
0x000000a6d4fff3b8:   00007ffd3808db7b 00000000000002c7
0x000000a6d4fff3c8:   00000000000002c3 000000a6d4fff601 

Instructions: (pc=0x000000000000000a)
0xffffffffffffff0a:   


Stack slot to memory mapping:
stack at sp + 0 slots: 0x00007ffd3808fd67 jvm.dll
stack at sp + 1 slots: 0x0000000087b07ca8 is an oop: 
[error occurred during error reporting (inspecting top of stack), id 0xc0000005, EXCEPTION_ACCESS_VIOLATION (0xc0000005) at pc=0x00007ffd3836a02d]


---------------  P R O C E S S  ---------------

Threads class SMR info:
_java_thread_list=0x000001d8ab978c80, length=11, elements={
0x000001d8913ee000, 0x000001d8aae98800, 0x000001d8aae9b800, 0x000001d8aaeb0800,
0x000001d8aaeb2800, 0x000001d8aaeb5800, 0x000001d8aaeb8800, 0x000001d8aaec0000,
0x000001d8aaec8800, 0x000001d8ab984000, 0x000001d8ab984800
}

Java Threads: ( => current thread )
  0x000001d8913ee000 JavaThread "main" [_thread_blocked, id=2860, stack(0x000000a6d3c00000,0x000000a6d3d00000)]
  0x000001d8aae98800 JavaThread "Reference Handler" daemon [_thread_blocked, id=1264, stack(0x000000a6d4300000,0x000000a6d4400000)]
  0x000001d8aae9b800 JavaThread "Finalizer" daemon [_thread_blocked, id=5940, stack(0x000000a6d4400000,0x000000a6d4500000)]
  0x000001d8aaeb0800 JavaThread "Signal Dispatcher" daemon [_thread_blocked, id=6068, stack(0x000000a6d4500000,0x000000a6d4600000)]
  0x000001d8aaeb2800 JavaThread "Attach Listener" daemon [_thread_blocked, id=3744, stack(0x000000a6d4600000,0x000000a6d4700000)]
  0x000001d8aaeb5800 JavaThread "Service Thread" daemon [_thread_blocked, id=6948, stack(0x000000a6d4700000,0x000000a6d4800000)]
  0x000001d8aaeb8800 JavaThread "C2 CompilerThread0" daemon [_thread_blocked, id=6268, stack(0x000000a6d4800000,0x000000a6d4900000)]
  0x000001d8aaec0000 JavaThread "C1 CompilerThread0" daemon [_thread_blocked, id=1520, stack(0x000000a6d4900000,0x000000a6d4a00000)]
  0x000001d8aaec8800 JavaThread "Sweeper thread" daemon [_thread_blocked, id=7696, stack(0x000000a6d4a00000,0x000000a6d4b00000)]
  0x000001d8ab984000 JavaThread "Common-Cleaner" daemon [_thread_blocked, id=2996, stack(0x000000a6d4c00000,0x000000a6d4d00000)]
  0x000001d8ab984800 JavaThread "C2 CompilerThread1" daemon [_thread_blocked, id=1504, stack(0x000000a6d4d00000,0x000000a6d4e00000)]

Other Threads:
  0x000001d8aae73000 VMThread "VM Thread" [stack: 0x000000a6d4200000,0x000000a6d4300000] [id=8600]
  0x000001d8ab97b800 WatcherThread [stack: 0x000000a6d4b00000,0x000000a6d4c00000] [id=5316]
  0x000001d891403000 GCTaskThread "GC Thread#0" [stack: 0x000000a6d3d00000,0x000000a6d3e00000] [id=4088]
  0x000001d8abd0d000 GCTaskThread "GC Thread#1" [stack: 0x000000a6d4e00000,0x000000a6d4f00000] [id=2664]
=>0x000001d8abd0d800 GCTaskThread "GC Thread#2" [stack: 0x000000a6d4f00000,0x000000a6d5000000] [id=5488]
  0x000001d891432000 ConcurrentGCThread "G1 Main Marker" [stack: 0x000000a6d3e00000,0x000000a6d3f00000] [id=3108]
  0x000001d891433800 ConcurrentGCThread "G1 Conc#0" [stack: 0x000000a6d3f00000,0x000000a6d4000000] [id=7500]
  0x000001d8914c2800 ConcurrentGCThread "G1 Refine#0" [stack: 0x000000a6d4000000,0x000000a6d4100000] [id=9100]
  0x000001d8914c5800 ConcurrentGCThread "G1 Young RemSet Sampling" [stack: 0x000000a6d4100000,0x000000a6d4200000] [id=1308]

Threads with active compile tasks:
C2 CompilerThread0   3809 4554   !   4       org.jetbrains.kotlin.metadata.ProtoBuf$ValueParameter::<init> (513 bytes)
C2 CompilerThread1   3809 4591       4       org.jetbrains.kotlin.metadata.ProtoBuf$Function::writeTo (341 bytes)

VM state:at safepoint (normal execution)

VM Mutex/Monitor currently owned by a thread:  ([mutex/lock_event])
[0x000001d8913eb430] Threads_lock - owner thread: 0x000001d8aae73000
[0x000001d8913ea980] Heap_lock - owner thread: 0x000001d8913ee000

Heap address: 0x0000000082000000, size: 2016 MB, Compressed Oops mode: 32-bit
Narrow klass base: 0x0000000000000000, Narrow klass shift: 3
Compressed class space size: 1073741824 Address: 0x0000000100000000

Heap:
 garbage-first heap   total 155648K, used 76589K [0x0000000082000000, 0x0000000100000000)
  region size 1024K, 49 young (50176K), 7 survivors (7168K)
 Metaspace       used 59817K, capacity 60450K, committed 60508K, reserved 1103872K
  class space    used 6918K, capacity 7149K, committed 7168K, reserved 1048576K
Heap Regions: E=young(eden), S=young(survivor), O=old, HS=humongous(starts), HC=humongous(continues), CS=collection set, F=free, A=archive, TAMS=top-at-mark-start (previous, next)
|   0|0x0000000082000000, 0x0000000082100000, 0x0000000082100000|100%|HS|  |TAMS 0x0000000082100000, 0x0000000082100000| Complete 
|   1|0x0000000082100000, 0x0000000082200000, 0x0000000082200000|100%|HC|  |TAMS 0x0000000082200000, 0x0000000082200000| Complete 
|   2|0x0000000082200000, 0x0000000082300000, 0x0000000082300000|100%|HC|  |TAMS 0x0000000082300000, 0x0000000082300000| Complete 
|   3|0x0000000082300000, 0x0000000082400000, 0x0000000082400000|100%| O|  |TAMS 0x0000000082400000, 0x0000000082400000| Untracked 
|   4|0x0000000082400000, 0x0000000082500000, 0x0000000082500000|100%| O|  |TAMS 0x0000000082500000, 0x0000000082500000| Untracked 
|   5|0x0000000082500000, 0x0000000082600000, 0x0000000082600000|100%|HS|  |TAMS 0x0000000082600000, 0x0000000082600000| Complete 
|   6|0x0000000082600000, 0x0000000082700000, 0x0000000082700000|100%|HC|  |TAMS 0x0000000082700000, 0x0000000082700000| Complete 
|   7|0x0000000082700000, 0x0000000082800000, 0x0000000082800000|100%|HC|  |TAMS 0x0000000082800000, 0x0000000082800000| Complete 
|   8|0x0000000082800000, 0x0000000082900000, 0x0000000082900000|100%|HS|  |TAMS 0x0000000082800000, 0x0000000082900000| Complete 
|   9|0x0000000082900000, 0x0000000082a00000, 0x0000000082a00000|100%|HC|  |TAMS 0x0000000082900000, 0x0000000082a00000| Complete 
|  10|0x0000000082a00000, 0x0000000082b00000, 0x0000000082b00000|100%| O|  |TAMS 0x0000000082b00000, 0x0000000082b00000| Untracked 
|  11|0x0000000082b00000, 0x0000000082c00000, 0x0000000082c00000|100%| O|  |TAMS 0x0000000082c00000, 0x0000000082c00000| Untracked 
|  12|0x0000000082c00000, 0x0000000082d00000, 0x0000000082d00000|100%| O|  |TAMS 0x0000000082d00000, 0x0000000082d00000| Untracked 
|  13|0x0000000082d00000, 0x0000000082e00000, 0x0000000082e00000|100%| O|  |TAMS 0x0000000082e00000, 0x0000000082e00000| Untracked 
|  14|0x0000000082e00000, 0x0000000082f00000, 0x0000000082f00000|100%| O|  |TAMS 0x0000000082f00000, 0x0000000082f00000| Untracked 
|  15|0x0000000082f00000, 0x0000000083000000, 0x0000000083000000|100%| O|  |TAMS 0x0000000083000000, 0x0000000083000000| Untracked 
|  16|0x0000000083000000, 0x0000000083100000, 0x0000000083100000|100%| O|  |TAMS 0x0000000083100000, 0x0000000083100000| Untracked 
|  17|0x0000000083100000, 0x0000000083200000, 0x0000000083200000|100%| O|  |TAMS 0x0000000083200000, 0x0000000083200000| Untracked 
|  18|0x0000000083200000, 0x0000000083300000, 0x0000000083300000|100%| O|  |TAMS 0x0000000083300000, 0x0000000083300000| Untracked 
|  19|0x0000000083300000, 0x0000000083400000, 0x0000000083400000|100%| O|  |TAMS 0x0000000083400000, 0x0000000083400000| Untracked 
|  20|0x0000000083400000, 0x0000000083500000, 0x0000000083500000|100%| O|  |TAMS 0x0000000083500000, 0x0000000083500000| Untracked 
|  21|0x0000000083500000, 0x0000000083600000, 0x0000000083600000|100%| O|  |TAMS 0x0000000083538400, 0x0000000083600000| Untracked 
|  22|0x0000000083600000, 0x00000000836fc090, 0x0000000083700000| 98%| O|  |TAMS 0x0000000083600000, 0x0000000083700000| Untracked 
|  23|0x0000000083700000, 0x0000000083800000, 0x0000000083800000|100%| O|  |TAMS 0x0000000083700000, 0x0000000083800000| Untracked 
|  24|0x0000000083800000, 0x0000000083900000, 0x0000000083900000|100%| O|  |TAMS 0x0000000083800000, 0x0000000083900000| Untracked 
|  25|0x0000000083900000, 0x0000000083a00000, 0x0000000083a00000|100%| O|  |TAMS 0x0000000083900000, 0x0000000083a00000| Untracked 
|  26|0x0000000083a00000, 0x0000000083b00000, 0x0000000083b00000|100%| O|  |TAMS 0x0000000083a00000, 0x0000000083b00000| Untracked 
|  27|0x0000000083b00000, 0x0000000083c00000, 0x0000000083c00000|100%| O|  |TAMS 0x0000000083b00000, 0x0000000083c00000| Untracked 
|  28|0x0000000083c00000, 0x0000000083d00000, 0x0000000083d00000|100%| O|  |TAMS 0x0000000083c00000, 0x0000000083d00000| Untracked 
|  29|0x0000000083d00000, 0x0000000083e00000, 0x0000000083e00000|100%| O|  |TAMS 0x0000000083d00000, 0x0000000083e00000| Untracked 
|  30|0x0000000083e00000, 0x0000000083e00000, 0x0000000083f00000|  0%| F|  |TAMS 0x0000000083e00000, 0x0000000083e00000| Untracked 
|  31|0x0000000083f00000, 0x0000000083f00000, 0x0000000084000000|  0%| F|  |TAMS 0x0000000083f00000, 0x0000000083f00000| Untracked 
|  32|0x0000000084000000, 0x0000000084000000, 0x0000000084100000|  0%| F|  |TAMS 0x0000000084000000, 0x0000000084000000| Untracked 
|  33|0x0000000084100000, 0x0000000084100000, 0x0000000084200000|  0%| F|  |TAMS 0x0000000084100000, 0x0000000084100000| Untracked 
|  34|0x0000000084200000, 0x0000000084200000, 0x0000000084300000|  0%| F|  |TAMS 0x0000000084200000, 0x0000000084200000| Untracked 
|  35|0x0000000084300000, 0x0000000084300000, 0x0000000084400000|  0%| F|  |TAMS 0x0000000084300000, 0x0000000084300000| Untracked 
|  36|0x0000000084400000, 0x0000000084400000, 0x0000000084500000|  0%| F|  |TAMS 0x0000000084400000, 0x0000000084400000| Untracked 
|  37|0x0000000084500000, 0x0000000084500000, 0x0000000084600000|  0%| F|  |TAMS 0x0000000084500000, 0x0000000084500000| Untracked 
|  38|0x0000000084600000, 0x0000000084600000, 0x0000000084700000|  0%| F|  |TAMS 0x0000000084600000, 0x0000000084600000| Untracked 
|  39|0x0000000084700000, 0x0000000084700000, 0x0000000084800000|  0%| F|  |TAMS 0x0000000084700000, 0x0000000084700000| Untracked 
|  40|0x0000000084800000, 0x0000000084800000, 0x0000000084900000|  0%| F|  |TAMS 0x0000000084800000, 0x0000000084800000| Untracked 
|  41|0x0000000084900000, 0x0000000084900000, 0x0000000084a00000|  0%| F|  |TAMS 0x0000000084900000, 0x0000000084900000| Untracked 
|  42|0x0000000084a00000, 0x0000000084a00000, 0x0000000084b00000|  0%| F|  |TAMS 0x0000000084a00000, 0x0000000084a00000| Untracked 
|  43|0x0000000084b00000, 0x0000000084b00000, 0x0000000084c00000|  0%| F|  |TAMS 0x0000000084b00000, 0x0000000084b00000| Untracked 
|  44|0x0000000084c00000, 0x0000000084c00000, 0x0000000084d00000|  0%| F|  |TAMS 0x0000000084c00000, 0x0000000084c00000| Untracked 
|  45|0x0000000084d00000, 0x0000000084d00000, 0x0000000084e00000|  0%| F|  |TAMS 0x0000000084d00000, 0x0000000084d00000| Untracked 
|  46|0x0000000084e00000, 0x0000000084e00000, 0x0000000084f00000|  0%| F|  |TAMS 0x0000000084e00000, 0x0000000084e00000| Untracked 
|  47|0x0000000084f00000, 0x0000000084f00000, 0x0000000085000000|  0%| F|  |TAMS 0x0000000084f00000, 0x0000000084f00000| Untracked 
|  48|0x0000000085000000, 0x0000000085000000, 0x0000000085100000|  0%| F|  |TAMS 0x0000000085000000, 0x0000000085000000| Untracked 
|  49|0x0000000085100000, 0x0000000085100000, 0x0000000085200000|  0%| F|  |TAMS 0x0000000085100000, 0x0000000085100000| Untracked 
|  50|0x0000000085200000, 0x0000000085200000, 0x0000000085300000|  0%| F|  |TAMS 0x0000000085200000, 0x0000000085200000| Untracked 
|  51|0x0000000085300000, 0x0000000085300000, 0x0000000085400000|  0%| F|  |TAMS 0x0000000085300000, 0x0000000085300000| Untracked 
|  52|0x0000000085400000, 0x0000000085400000, 0x0000000085500000|  0%| F|  |TAMS 0x0000000085400000, 0x0000000085400000| Untracked 
|  53|0x0000000085500000, 0x0000000085500000, 0x0000000085600000|  0%| F|  |TAMS 0x0000000085500000, 0x0000000085500000| Untracked 
|  54|0x0000000085600000, 0x0000000085600000, 0x0000000085700000|  0%| F|  |TAMS 0x0000000085600000, 0x0000000085600000| Untracked 
|  55|0x0000000085700000, 0x0000000085700000, 0x0000000085800000|  0%| F|  |TAMS 0x0000000085700000, 0x0000000085700000| Untracked 
|  56|0x0000000085800000, 0x0000000085800000, 0x0000000085900000|  0%| F|  |TAMS 0x0000000085800000, 0x0000000085800000| Untracked 
|  57|0x0000000085900000, 0x0000000085900000, 0x0000000085a00000|  0%| F|  |TAMS 0x0000000085900000, 0x0000000085900000| Untracked 
|  58|0x0000000085a00000, 0x0000000085a00000, 0x0000000085b00000|  0%| F|  |TAMS 0x0000000085a00000, 0x0000000085a00000| Untracked 
|  59|0x0000000085b00000, 0x0000000085b00000, 0x0000000085c00000|  0%| F|  |TAMS 0x0000000085b00000, 0x0000000085b00000| Untracked 
|  60|0x0000000085c00000, 0x0000000085c00000, 0x0000000085d00000|  0%| F|  |TAMS 0x0000000085c00000, 0x0000000085c00000| Untracked 
|  61|0x0000000085d00000, 0x0000000085d00000, 0x0000000085e00000|  0%| F|  |TAMS 0x0000000085d00000, 0x0000000085d00000| Untracked 
|  62|0x0000000085e00000, 0x0000000085e00000, 0x0000000085f00000|  0%| F|  |TAMS 0x0000000085e00000, 0x0000000085e00000| Untracked 
|  63|0x0000000085f00000, 0x0000000085f00000, 0x0000000086000000|  0%| F|  |TAMS 0x0000000085f00000, 0x0000000085f00000| Untracked 
|  64|0x0000000086000000, 0x0000000086000000, 0x0000000086100000|  0%| F|  |TAMS 0x0000000086000000, 0x0000000086000000| Untracked 
|  65|0x0000000086100000, 0x0000000086100000, 0x0000000086200000|  0%| F|  |TAMS 0x0000000086100000, 0x0000000086100000| Untracked 
|  66|0x0000000086200000, 0x0000000086200000, 0x0000000086300000|  0%| F|  |TAMS 0x0000000086200000, 0x0000000086200000| Untracked 
|  67|0x0000000086300000, 0x0000000086300000, 0x0000000086400000|  0%| F|  |TAMS 0x0000000086300000, 0x0000000086300000| Untracked 
|  68|0x0000000086400000, 0x0000000086400000, 0x0000000086500000|  0%| F|  |TAMS 0x0000000086400000, 0x0000000086400000| Untracked 
|  69|0x0000000086500000, 0x0000000086500000, 0x0000000086600000|  0%| F|  |TAMS 0x0000000086500000, 0x0000000086500000| Untracked 
|  70|0x0000000086600000, 0x0000000086600000, 0x0000000086700000|  0%| F|  |TAMS 0x0000000086600000, 0x0000000086600000| Untracked 
|  71|0x0000000086700000, 0x0000000086700000, 0x0000000086800000|  0%| F|  |TAMS 0x0000000086700000, 0x0000000086700000| Untracked 
|  72|0x0000000086800000, 0x0000000086800000, 0x0000000086900000|  0%| F|  |TAMS 0x0000000086800000, 0x0000000086800000| Untracked 
|  73|0x0000000086900000, 0x0000000086900000, 0x0000000086a00000|  0%| F|  |TAMS 0x0000000086900000, 0x0000000086900000| Untracked 
|  74|0x0000000086a00000, 0x0000000086a00000, 0x0000000086b00000|  0%| F|  |TAMS 0x0000000086a00000, 0x0000000086a00000| Untracked 
|  75|0x0000000086b00000, 0x0000000086b00000, 0x0000000086c00000|  0%| F|  |TAMS 0x0000000086b00000, 0x0000000086b00000| Untracked 
|  76|0x0000000086c00000, 0x0000000086c00000, 0x0000000086d00000|  0%| F|  |TAMS 0x0000000086c00000, 0x0000000086c00000| Untracked 
|  77|0x0000000086d00000, 0x0000000086d00000, 0x0000000086e00000|  0%| F|  |TAMS 0x0000000086d00000, 0x0000000086d00000| Untracked 
|  78|0x0000000086e00000, 0x0000000086e00000, 0x0000000086f00000|  0%| F|  |TAMS 0x0000000086e00000, 0x0000000086e00000| Untracked 
|  79|0x0000000086f00000, 0x0000000086f00000, 0x0000000087000000|  0%| F|  |TAMS 0x0000000086f00000, 0x0000000086f00000| Untracked 
|  80|0x0000000087000000, 0x0000000087000000, 0x0000000087100000|  0%| F|  |TAMS 0x0000000087000000, 0x0000000087000000| Untracked 
|  81|0x0000000087100000, 0x0000000087100000, 0x0000000087200000|  0%| F|  |TAMS 0x0000000087100000, 0x0000000087100000| Untracked 
|  82|0x0000000087200000, 0x0000000087200000, 0x0000000087300000|  0%| F|  |TAMS 0x0000000087200000, 0x0000000087200000| Untracked 
|  83|0x0000000087300000, 0x0000000087300000, 0x0000000087400000|  0%| F|  |TAMS 0x0000000087300000, 0x0000000087300000| Untracked 
|  84|0x0000000087400000, 0x0000000087400000, 0x0000000087500000|  0%| F|  |TAMS 0x0000000087400000, 0x0000000087400000| Untracked 
|  85|0x0000000087500000, 0x0000000087500000, 0x0000000087600000|  0%| F|  |TAMS 0x0000000087500000, 0x0000000087500000| Untracked 
|  86|0x0000000087600000, 0x0000000087600000, 0x0000000087700000|  0%| F|  |TAMS 0x0000000087600000, 0x0000000087600000| Untracked 
|  87|0x0000000087700000, 0x0000000087700000, 0x0000000087800000|  0%| F|  |TAMS 0x0000000087700000, 0x0000000087700000| Untracked 
|  88|0x0000000087800000, 0x00000000878e12c8, 0x0000000087900000| 87%| E|CS|TAMS 0x0000000087800000, 0x00000000878e12c8| Complete 
|  89|0x0000000087900000, 0x0000000087a00000, 0x0000000087a00000|100%| E|CS|TAMS 0x0000000087900000, 0x0000000087a00000| Complete 
|  90|0x0000000087a00000, 0x0000000087b00000, 0x0000000087b00000|100%| E|CS|TAMS 0x0000000087a00000, 0x0000000087b00000| Complete 
|  91|0x0000000087b00000, 0x0000000087c00000, 0x0000000087c00000|100%| E|CS|TAMS 0x0000000087b00000, 0x0000000087c00000| Complete 
|  92|0x0000000087c00000, 0x0000000087d00000, 0x0000000087d00000|100%| E|CS|TAMS 0x0000000087c00000, 0x0000000087d00000| Complete 
|  93|0x0000000087d00000, 0x0000000087d00000, 0x0000000087e00000|  0%| F|  |TAMS 0x0000000087d00000, 0x0000000087d00000| Untracked 
|  94|0x0000000087e00000, 0x0000000087e00000, 0x0000000087f00000|  0%| F|  |TAMS 0x0000000087e00000, 0x0000000087e00000| Untracked 
|  95|0x0000000087f00000, 0x0000000087f00000, 0x0000000088000000|  0%| F|  |TAMS 0x0000000087f00000, 0x0000000087f00000| Untracked 
|  96|0x0000000088000000, 0x0000000088000000, 0x0000000088100000|  0%| F|  |TAMS 0x0000000088000000, 0x0000000088000000| Untracked 
|  97|0x0000000088100000, 0x0000000088100000, 0x0000000088200000|  0%| F|  |TAMS 0x0000000088100000, 0x0000000088100000| Untracked 
|  98|0x0000000088200000, 0x0000000088200000, 0x0000000088300000|  0%| F|  |TAMS 0x0000000088200000, 0x0000000088200000| Untracked 
|  99|0x0000000088300000, 0x0000000088300000, 0x0000000088400000|  0%| F|  |TAMS 0x0000000088300000, 0x0000000088300000| Untracked 
| 100|0x0000000088400000, 0x0000000088400000, 0x0000000088500000|  0%| F|  |TAMS 0x0000000088400000, 0x0000000088400000| Untracked 
| 101|0x0000000088500000, 0x0000000088500000, 0x0000000088600000|  0%| F|  |TAMS 0x0000000088500000, 0x0000000088500000| Untracked 
| 102|0x0000000088600000, 0x0000000088600000, 0x0000000088700000|  0%| F|  |TAMS 0x0000000088600000, 0x0000000088600000| Untracked 
| 103|0x0000000088700000, 0x0000000088800000, 0x0000000088800000|100%| S|  |TAMS 0x0000000088700000, 0x0000000088700000| Complete 
| 104|0x0000000088800000, 0x0000000088900000, 0x0000000088900000|100%| S|  |TAMS 0x0000000088800000, 0x0000000088800000| Complete 
| 105|0x0000000088900000, 0x0000000088a00000, 0x0000000088a00000|100%| S|  |TAMS 0x0000000088900000, 0x0000000088900000| Complete 
| 106|0x0000000088a00000, 0x0000000088b00000, 0x0000000088b00000|100%| S|  |TAMS 0x0000000088a00000, 0x0000000088a00000| Complete 
| 107|0x0000000088b00000, 0x0000000088c00000, 0x0000000088c00000|100%| S|  |TAMS 0x0000000088b00000, 0x0000000088b00000| Complete 
| 108|0x0000000088c00000, 0x0000000088d00000, 0x0000000088d00000|100%| S|  |TAMS 0x0000000088c00000, 0x0000000088c00000| Complete 
| 109|0x0000000088d00000, 0x0000000088e00000, 0x0000000088e00000|100%| S|  |TAMS 0x0000000088d00000, 0x0000000088d00000| Complete 
| 110|0x0000000088e00000, 0x0000000088e80800, 0x0000000088f00000| 50%| E|CS|TAMS 0x0000000088e00000, 0x0000000088e80800| Complete 
| 111|0x0000000088f00000, 0x0000000089000000, 0x0000000089000000|100%| E|CS|TAMS 0x0000000088f00000, 0x0000000089000000| Complete 
| 112|0x0000000089000000, 0x0000000089100000, 0x0000000089100000|100%| E|CS|TAMS 0x0000000089000000, 0x0000000089100000| Complete 
| 113|0x0000000089100000, 0x0000000089200000, 0x0000000089200000|100%| E|CS|TAMS 0x0000000089100000, 0x0000000089200000| Complete 
| 114|0x0000000089200000, 0x0000000089300000, 0x0000000089300000|100%| E|CS|TAMS 0x0000000089200000, 0x0000000089300000| Complete 
| 115|0x0000000089300000, 0x0000000089400000, 0x0000000089400000|100%| E|CS|TAMS 0x0000000089300000, 0x0000000089400000| Complete 
| 116|0x0000000089400000, 0x0000000089500000, 0x0000000089500000|100%| E|CS|TAMS 0x0000000089400000, 0x0000000089500000| Complete 
| 117|0x0000000089500000, 0x0000000089600000, 0x0000000089600000|100%| E|CS|TAMS 0x0000000089500000, 0x0000000089600000| Complete 
| 118|0x0000000089600000, 0x0000000089700000, 0x0000000089700000|100%| E|CS|TAMS 0x0000000089600000, 0x0000000089700000| Complete 
| 119|0x0000000089700000, 0x0000000089800000, 0x0000000089800000|100%| E|CS|TAMS 0x0000000089700000, 0x0000000089800000| Complete 
| 120|0x0000000089800000, 0x0000000089900000, 0x0000000089900000|100%| E|CS|TAMS 0x0000000089800000, 0x0000000089900000| Complete 
| 121|0x0000000089900000, 0x0000000089a00000, 0x0000000089a00000|100%| E|CS|TAMS 0x0000000089900000, 0x0000000089a00000| Complete 
| 122|0x0000000089a00000, 0x0000000089b00000, 0x0000000089b00000|100%| E|CS|TAMS 0x0000000089a00000, 0x0000000089b00000| Complete 
| 123|0x0000000089b00000, 0x0000000089c00000, 0x0000000089c00000|100%| E|CS|TAMS 0x0000000089b00000, 0x0000000089c00000| Complete 
| 124|0x0000000089c00000, 0x0000000089d00000, 0x0000000089d00000|100%| E|CS|TAMS 0x0000000089c00000, 0x0000000089d00000| Complete 
| 125|0x0000000089d00000, 0x0000000089e00000, 0x0000000089e00000|100%| E|CS|TAMS 0x0000000089d00000, 0x0000000089e00000| Complete 
| 126|0x0000000089e00000, 0x0000000089f00000, 0x0000000089f00000|100%| E|CS|TAMS 0x0000000089e00000, 0x0000000089f00000| Complete 
| 127|0x0000000089f00000, 0x000000008a000000, 0x000000008a000000|100%| E|CS|TAMS 0x0000000089f00000, 0x000000008a000000| Complete 
| 128|0x000000008a000000, 0x000000008a100000, 0x000000008a100000|100%| E|CS|TAMS 0x000000008a000000, 0x000000008a100000| Complete 
| 129|0x000000008a100000, 0x000000008a200000, 0x000000008a200000|100%| E|CS|TAMS 0x000000008a100000, 0x000000008a200000| Complete 
| 130|0x000000008a200000, 0x000000008a300000, 0x000000008a300000|100%| E|CS|TAMS 0x000000008a200000, 0x000000008a300000| Complete 
| 131|0x000000008a300000, 0x000000008a400000, 0x000000008a400000|100%| E|CS|TAMS 0x000000008a300000, 0x000000008a400000| Complete 
| 132|0x000000008a400000, 0x000000008a500000, 0x000000008a500000|100%| E|CS|TAMS 0x000000008a400000, 0x000000008a500000| Complete 
| 133|0x000000008a500000, 0x000000008a600000, 0x000000008a600000|100%| E|CS|TAMS 0x000000008a500000, 0x000000008a600000| Complete 
| 134|0x000000008a600000, 0x000000008a700000, 0x000000008a700000|100%| E|CS|TAMS 0x000000008a600000, 0x000000008a700000| Complete 
| 135|0x000000008a700000, 0x000000008a800000, 0x000000008a800000|100%| E|CS|TAMS 0x000000008a700000, 0x000000008a800000| Complete 
| 136|0x000000008a800000, 0x000000008a900000, 0x000000008a900000|100%| E|CS|TAMS 0x000000008a800000, 0x000000008a900000| Complete 
| 137|0x000000008a900000, 0x000000008aa00000, 0x000000008aa00000|100%| E|CS|TAMS 0x000000008a900000, 0x000000008aa00000| Complete 
| 138|0x000000008aa00000, 0x000000008ab00000, 0x000000008ab00000|100%| E|CS|TAMS 0x000000008aa00000, 0x000000008ab00000| Complete 
| 139|0x000000008ab00000, 0x000000008ac00000, 0x000000008ac00000|100%| E|CS|TAMS 0x000000008ab00000, 0x000000008ac00000| Complete 
| 140|0x000000008ac00000, 0x000000008ad00000, 0x000000008ad00000|100%| E|CS|TAMS 0x000000008ac00000, 0x000000008ad00000| Complete 
| 141|0x000000008ad00000, 0x000000008ae00000, 0x000000008ae00000|100%| E|CS|TAMS 0x000000008ad00000, 0x000000008ae00000| Complete 
| 142|0x000000008ae00000, 0x000000008af00000, 0x000000008af00000|100%| E|CS|TAMS 0x000000008ae00000, 0x000000008af00000| Complete 
| 143|0x000000008af00000, 0x000000008b000000, 0x000000008b000000|100%| E|CS|TAMS 0x000000008af00000, 0x000000008b000000| Complete 
| 144|0x000000008b000000, 0x000000008b100000, 0x000000008b100000|100%| E|CS|TAMS 0x000000008b000000, 0x000000008b100000| Complete 
| 145|0x000000008b100000, 0x000000008b200000, 0x000000008b200000|100%| E|CS|TAMS 0x000000008b100000, 0x000000008b200000| Complete 
| 146|0x000000008b200000, 0x000000008b300000, 0x000000008b300000|100%| E|CS|TAMS 0x000000008b200000, 0x000000008b300000| Complete 
| 147|0x000000008b300000, 0x000000008b400000, 0x000000008b400000|100%| E|CS|TAMS 0x000000008b300000, 0x000000008b400000| Complete 
| 148|0x000000008b400000, 0x000000008b500000, 0x000000008b500000|100%| E|CS|TAMS 0x000000008b400000, 0x000000008b500000| Complete 
| 149|0x000000008b500000, 0x000000008b600000, 0x000000008b600000|100%| E|CS|TAMS 0x000000008b500000, 0x000000008b600000| Complete 
| 150|0x000000008b600000, 0x000000008b700000, 0x000000008b700000|100%| E|CS|TAMS 0x000000008b600000, 0x000000008b700000| Complete 
| 151|0x000000008b700000, 0x000000008b800000, 0x000000008b800000|100%| E|CS|TAMS 0x000000008b700000, 0x000000008b800000| Complete 

Card table byte_map: [0x000001d8a42d0000,0x000001d8a46c0000] _byte_map_base: 0x000001d8a3ec0000

Marking Bits (Prev, Next): (CMBitMap*) 0x000001d891429748, (CMBitMap*) 0x000001d891429780
 Prev Bits: [0x000001d8a4ab0000, 0x000001d8a6a30000)
 Next Bits: [0x000001d8a6a30000, 0x000001d8a89b0000)

Polling page: 0x000001d88f370000

Metaspace:

Usage:
  Non-class:     52.05 MB capacity,    51.66 MB (>99%) used,   316.56 KB ( <1%) free+waste,    86.13 KB ( <1%) overhead. 
      Class:      6.98 MB capacity,     6.76 MB ( 97%) used,   193.80 KB (  3%) free+waste,    36.31 KB ( <1%) overhead. 
       Both:     59.03 MB capacity,    58.42 MB ( 99%) used,   510.36 KB ( <1%) free+waste,   122.44 KB ( <1%) overhead. 

Virtual space:
  Non-class space:       54.00 MB reserved,      52.09 MB ( 96%) committed 
      Class space:        1.00 GB reserved,       7.00 MB ( <1%) committed 
             Both:        1.05 GB reserved,      59.09 MB (  5%) committed 

Chunk freelists:
   Non-Class:  27.00 KB
       Class:  19.00 KB
        Both:  46.00 KB

MaxMetaspaceSize: 17179869184.00 GB
CompressedClassSpaceSize: 1.00 GB

CodeHeap 'non-profiled nmethods': size=120064Kb used=2086Kb max_used=2086Kb free=117977Kb
 bounds [0x000001d89c9a0000, 0x000001d89cc10000, 0x000001d8a3ee0000]
CodeHeap 'profiled nmethods': size=120000Kb used=9638Kb max_used=9638Kb free=110361Kb
 bounds [0x000001d895470000, 0x000001d895de0000, 0x000001d89c9a0000]
CodeHeap 'non-nmethods': size=5696Kb used=1252Kb max_used=1276Kb free=4443Kb
 bounds [0x000001d894ee0000, 0x000001d895150000, 0x000001d895470000]
 total_blobs=5314 nmethods=4682 adapters=543
 compilation: enabled
              stopped_count=0, restarted_count=0
 full_count=0

Compilation events (20 events):
Event: 3.775 Thread 0x000001d8aaec0000 4686       3       org.jetbrains.kotlin.resolve.DescriptorUtils::getJvmName (17 bytes)
Event: 3.775 Thread 0x000001d8aaec0000 nmethod 4686 0x000001d895dd0810 code [0x000001d895dd0a20, 0x000001d895dd0de8]
Event: 3.775 Thread 0x000001d8aaec0000 4688       3       org.jetbrains.kotlin.name.FqNameUnsafe::startsWith (58 bytes)
Event: 3.775 Thread 0x000001d8aaec0000 nmethod 4688 0x000001d895dd0f90 code [0x000001d895dd11e0, 0x000001d895dd1a28]
Event: 3.775 Thread 0x000001d8aaec0000 4689       3       org.jetbrains.kotlin.types.model.TypeSystemInferenceExtensionContext$DefaultImpls::upperBoundIfFlexible (21 bytes)
Event: 3.776 Thread 0x000001d8aaec0000 nmethod 4689 0x000001d895dd1d90 code [0x000001d895dd2040, 0x000001d895dd2b48]
Event: 3.776 Thread 0x000001d8aaec0000 4690       3       org.jetbrains.kotlin.descriptors.impl.FunctionDescriptorImpl::getTypeParameters (48 bytes)
Event: 3.776 Thread 0x000001d8aaec0000 nmethod 4690 0x000001d895dd2f10 code [0x000001d895dd31a0, 0x000001d895dd3c78]
Event: 3.776 Thread 0x000001d8aaec0000 4691       3       org.jetbrains.kotlin.load.java.components.JavaAnnotationMapper::findMappedJavaAnnotation (158 bytes)
Event: 3.778 Thread 0x000001d8aaec0000 nmethod 4691 0x000001d895dd4090 code [0x000001d895dd4560, 0x000001d895dd6688]
Event: 3.778 Thread 0x000001d8aaec0000 4692       3       org.jetbrains.kotlin.resolve.DescriptorUtils::getFqNameSafe (37 bytes)
Event: 3.778 Thread 0x000001d8aaec0000 nmethod 4692 0x000001d895dd7310 code [0x000001d895dd7500, 0x000001d895dd77a8]
Event: 3.778 Thread 0x000001d8aaec0000 4694       3       org.jetbrains.kotlin.builtins.KotlinBuiltIns::isNothingOrNullableNothing (18 bytes)
Event: 3.778 Thread 0x000001d8aaec0000 nmethod 4694 0x000001d895dd7910 code [0x000001d895dd7b00, 0x000001d895dd7e18]
Event: 3.778 Thread 0x000001d8aaec0000 4693       3       org.jetbrains.kotlin.metadata.deserialization.VersionSpecificBehaviorKt::isKotlin1Dot4OrLater (28 bytes)
Event: 3.778 Thread 0x000001d8aaec0000 nmethod 4693 0x000001d895dd7f90 code [0x000001d895dd81c0, 0x000001d895dd87f8]
Event: 3.778 Thread 0x000001d8aaec0000 4687       3       org.jetbrains.kotlin.resolve.DescriptorUtils::getJvmName (64 bytes)
Event: 3.779 Thread 0x000001d8aaec0000 nmethod 4687 0x000001d895dd8a90 code [0x000001d895dd8cc0, 0x000001d895dd9688]
Event: 3.779 Thread 0x000001d8aaec0000 4695       1       org.jetbrains.kotlin.load.kotlin.TypeMappingMode::getNeedPrimitiveBoxing (5 bytes)
Event: 3.779 Thread 0x000001d8aaec0000 nmethod 4695 0x000001d89cba9610 code [0x000001d89cba97c0, 0x000001d89cba9878]

GC Heap History (13 events):
Event: 0.333 GC heap before
{Heap before GC invocations=0 (full 0):
 garbage-first heap   total 129024K, used 17408K [0x0000000082000000, 0x0000000100000000)
  region size 1024K, 14 young (14336K), 0 survivors (0K)
 Metaspace       used 9790K, capacity 9874K, committed 10112K, reserved 1058816K
  class space    used 837K, capacity 885K, committed 896K, reserved 1048576K
}
Event: 0.335 GC heap after
{Heap after GC invocations=1 (full 0):
 garbage-first heap   total 129024K, used 5253K [0x0000000082000000, 0x0000000100000000)
  region size 1024K, 2 young (2048K), 2 survivors (2048K)
 Metaspace       used 9790K, capacity 9874K, committed 10112K, reserved 1058816K
  class space    used 837K, capacity 885K, committed 896K, reserved 1048576K
}
Event: 0.953 GC heap before
{Heap before GC invocations=1 (full 0):
 garbage-first heap   total 129024K, used 50309K [0x0000000082000000, 0x0000000100000000)
  region size 1024K, 47 young (48128K), 2 survivors (2048K)
 Metaspace       used 20994K, capacity 21222K, committed 21248K, reserved 1069056K
  class space    used 2222K, capacity 2293K, committed 2304K, reserved 1048576K
}
Event: 0.963 GC heap after
{Heap after GC invocations=2 (full 0):
 garbage-first heap   total 129024K, used 9158K [0x0000000082000000, 0x0000000100000000)
  region size 1024K, 6 young (6144K), 6 survivors (6144K)
 Metaspace       used 20994K, capacity 21222K, committed 21248K, reserved 1069056K
  class space    used 2222K, capacity 2293K, committed 2304K, reserved 1048576K
}
Event: 1.615 GC heap before
{Heap before GC invocations=3 (full 0):
 garbage-first heap   total 129024K, used 61382K [0x0000000082000000, 0x0000000100000000)
  region size 1024K, 52 young (53248K), 6 survivors (6144K)
 Metaspace       used 30973K, capacity 31458K, committed 31868K, reserved 1077248K
  class space    used 3665K, capacity 3846K, committed 3968K, reserved 1048576K
}
Event: 1.627 GC heap after
{Heap after GC invocations=4 (full 0):
 garbage-first heap   total 129024K, used 21566K [0x0000000082000000, 0x0000000100000000)
  region size 1024K, 7 young (7168K), 7 survivors (7168K)
 Metaspace       used 30973K, capacity 31458K, committed 31868K, reserved 1077248K
  class space    used 3665K, capacity 3846K, committed 3968K, reserved 1048576K
}
Event: 1.866 GC heap before
{Heap before GC invocations=4 (full 0):
 garbage-first heap   total 129024K, used 42046K [0x0000000082000000, 0x0000000100000000)
  region size 1024K, 28 young (28672K), 7 survivors (7168K)
 Metaspace       used 35437K, capacity 35893K, committed 36048K, reserved 1081344K
  class space    used 4368K, capacity 4556K, committed 4608K, reserved 1048576K
}
Event: 1.874 GC heap after
{Heap after GC invocations=5 (full 0):
 garbage-first heap   total 129024K, used 24563K [0x0000000082000000, 0x0000000100000000)
  region size 1024K, 3 young (3072K), 3 survivors (3072K)
 Metaspace       used 35437K, capacity 35893K, committed 36048K, reserved 1081344K
  class space    used 4368K, capacity 4556K, committed 4608K, reserved 1048576K
}
Event: 2.491 GC heap before
{Heap before GC invocations=6 (full 0):
 garbage-first heap   total 129024K, used 73715K [0x0000000082000000, 0x0000000100000000)
  region size 1024K, 51 young (52224K), 3 survivors (3072K)
 Metaspace       used 44811K, capacity 45396K, committed 45776K, reserved 1089536K
  class space    used 5327K, capacity 5522K, committed 5632K, reserved 1048576K
}
Event: 2.498 GC heap after
{Heap after GC invocations=7 (full 0):
 garbage-first heap   total 155648K, used 27233K [0x0000000082000000, 0x0000000100000000)
  region size 1024K, 7 young (7168K), 7 survivors (7168K)
 Metaspace       used 44811K, capacity 45396K, committed 45776K, reserved 1089536K
  class space    used 5327K, capacity 5522K, committed 5632K, reserved 1048576K
}
Event: 3.125 GC heap before
{Heap before GC invocations=7 (full 0):
 garbage-first heap   total 155648K, used 90721K [0x0000000082000000, 0x0000000100000000)
  region size 1024K, 66 young (67584K), 7 survivors (7168K)
 Metaspace       used 51353K, capacity 52008K, committed 52176K, reserved 1095680K
  class space    used 6043K, capacity 6296K, committed 6400K, reserved 1048576K
}
Event: 3.136 GC heap after
{Heap after GC invocations=8 (full 0):
 garbage-first heap   total 155648K, used 34091K [0x0000000082000000, 0x0000000100000000)
  region size 1024K, 5 young (5120K), 5 survivors (5120K)
 Metaspace       used 51353K, capacity 52008K, committed 52176K, reserved 1095680K
  class space    used 6043K, capacity 6296K, committed 6400K, reserved 1048576K
}
Event: 3.779 GC heap before
{Heap before GC invocations=8 (full 0):
 garbage-first heap   total 155648K, used 76075K [0x0000000082000000, 0x0000000100000000)
  region size 1024K, 47 young (48128K), 5 survivors (5120K)
 Metaspace       used 59817K, capacity 60450K, committed 60508K, reserved 1103872K
  class space    used 6918K, capacity 7149K, committed 7168K, reserved 1048576K
}

Deoptimization events (20 events):
Event: 3.666 Thread 0x000001d8913ee000 Uncommon trap: trap_request=0xffffffde fr.pc=0x000001d89cb93458 relative=0x0000000000000638
Event: 3.666 Thread 0x000001d8913ee000 Uncommon trap: reason=class_check action=maybe_recompile pc=0x000001d89cb93458 method=java.util.regex.Matcher.search(I)Z @ 121 c2
Event: 3.666 Thread 0x000001d8913ee000 DEOPT PACKING pc=0x000001d89cb93458 sp=0x000000a6d3cfe1b0
Event: 3.666 Thread 0x000001d8913ee000 DEOPT UNPACKING pc=0x000001d894f078af sp=0x000000a6d3cfe170 mode 2
Event: 3.683 Thread 0x000001d8913ee000 Uncommon trap: trap_request=0xffffffbe fr.pc=0x000001d89cb73fcc relative=0x000000000000202c
Event: 3.683 Thread 0x000001d8913ee000 Uncommon trap: reason=profile_predicate action=maybe_recompile pc=0x000001d89cb73fcc method=org.jetbrains.kotlin.serialization.deserialization.descriptors.DeserializedPackageMemberScope.hasClass(Lorg/jetbrains/kotlin/name/Name;)Z @ 65 c2
Event: 3.683 Thread 0x000001d8913ee000 DEOPT PACKING pc=0x000001d89cb73fcc sp=0x000000a6d3cfce70
Event: 3.683 Thread 0x000001d8913ee000 DEOPT UNPACKING pc=0x000001d894f078af sp=0x000000a6d3cfcd50 mode 2
Event: 3.687 Thread 0x000001d8913ee000 Uncommon trap: trap_request=0xffffff4d fr.pc=0x000001d89cb8e334 relative=0x00000000000023d4
Event: 3.687 Thread 0x000001d8913ee000 Uncommon trap: reason=unstable_if action=reinterpret pc=0x000001d89cb8e334 method=org.jetbrains.org.objectweb.asm.ClassReader.readElementValue(Lorg/jetbrains/org/objectweb/asm/AnnotationVisitor;ILjava/lang/String;[C)I @ 102 c2
Event: 3.687 Thread 0x000001d8913ee000 DEOPT PACKING pc=0x000001d89cb8e334 sp=0x000000a6d3cfcf00
Event: 3.687 Thread 0x000001d8913ee000 DEOPT UNPACKING pc=0x000001d894f078af sp=0x000000a6d3cfce90 mode 2
Event: 3.688 Thread 0x000001d8913ee000 Uncommon trap: trap_request=0xffffff4d fr.pc=0x000001d89cb49914 relative=0x0000000000000e54
Event: 3.688 Thread 0x000001d8913ee000 Uncommon trap: reason=unstable_if action=reinterpret pc=0x000001d89cb49914 method=org.jetbrains.kotlin.metadata.ProtoBuf$Type.getSerializedSize()I @ 176 c2
Event: 3.688 Thread 0x000001d8913ee000 DEOPT PACKING pc=0x000001d89cb49914 sp=0x000000a6d3cfb2f0
Event: 3.688 Thread 0x000001d8913ee000 DEOPT UNPACKING pc=0x000001d894f078af sp=0x000000a6d3cfb2d0 mode 2
Event: 3.691 Thread 0x000001d8913ee000 DEOPT PACKING pc=0x000001d8959f977f sp=0x000000a6d3cfd320
Event: 3.691 Thread 0x000001d8913ee000 DEOPT UNPACKING pc=0x000001d894f076ce sp=0x000000a6d3cfc770 mode 0
Event: 3.694 Thread 0x000001d8913ee000 DEOPT PACKING pc=0x000001d895b9198c sp=0x000000a6d3cfd680
Event: 3.694 Thread 0x000001d8913ee000 DEOPT UNPACKING pc=0x000001d894f076ce sp=0x000000a6d3cfcb60 mode 0

Classes redefined (0 events):
No events

Internal exceptions (20 events):
Event: 1.242 Thread 0x000001d8913ee000 Exception <a 'java/lang/NoSuchMethodError'{0x0000000088b9ff58}: 'void java.lang.invoke.DirectMethodHandle$Holder.invokeStaticInit(java.lang.Object, java.lang.Object)'> (0x0000000088b9ff58) thrown at [./src/hotspot/share/interpreter/linkResolver.cpp, line 773]
Event: 1.318 Thread 0x000001d8913ee000 Exception <a 'java/lang/NoSuchMethodError'{0x00000000886b3760}: 'void java.lang.invoke.DirectMethodHandle$Holder.invokeVirtual(java.lang.Object, java.lang.Object)'> (0x00000000886b3760) thrown at [./src/hotspot/share/interpreter/linkResolver.cpp, line 773]
Event: 1.325 Thread 0x000001d8913ee000 Exception <a 'java/lang/NoSuchMethodError'{0x0000000088530a50}: 'int java.lang.invoke.DirectMethodHandle$Holder.invokeVirtual(java.lang.Object, java.lang.Object)'> (0x0000000088530a50) thrown at [./src/hotspot/share/interpreter/linkResolver.cpp, line 773]
Event: 1.859 Thread 0x000001d8913ee000 Exception <a 'java/lang/NoSuchMethodError'{0x0000000088901848}: 'java.lang.Object java.lang.invoke.DirectMethodHandle$Holder.invokeVirtual(java.lang.Object, java.lang.Object, java.lang.Object)'> (0x0000000088901848) thrown at [./src/hotspot/share/interpreter/linkResolver.cpp, line 773]
Event: 2.403 Thread 0x000001d8913ee000 Exception <a 'java/lang/NoSuchMethodError'{0x00000000870e50f8}: 'java.lang.Object java.lang.invoke.Invokers$Holder.linkToTargetMethod(java.lang.Object, int, java.lang.Object)'> (0x00000000870e50f8) thrown at [./src/hotspot/share/interpreter/linkResolver.cpp, line 773]
Event: 2.448 Thread 0x000001d8913ee000 Exception <a 'java/lang/NoSuchMethodError'{0x0000000086d983d8}: 'java.lang.Object java.lang.invoke.DirectMethodHandle$Holder.invokeStatic(java.lang.Object, java.lang.Object, java.lang.Object, int)'> (0x0000000086d983d8) thrown at [./src/hotspot/share/interpreter/linkResolver.cpp, line 773]
Event: 2.449 Thread 0x000001d8913ee000 Exception <a 'java/lang/NoSuchMethodError'{0x0000000086d9c048}: 'java.lang.Object java.lang.invoke.DirectMethodHandle$Holder.invokeSpecial(java.lang.Object, java.lang.Object, java.lang.Object, java.lang.Object, int)'> (0x0000000086d9c048) thrown at [./src/hotspot/share/interpreter/linkResolver.cpp, line 773]
Event: 2.449 Thread 0x000001d8913ee000 Exception <a 'java/lang/NoSuchMethodError'{0x0000000086d9f358}: 'java.lang.Object java.lang.invoke.Invokers$Holder.linkToTargetMethod(java.lang.Object, java.lang.Object, int, java.lang.Object)'> (0x0000000086d9f358) thrown at [./src/hotspot/share/interpreter/linkResolver.cpp, line 773]
Event: 2.467 Thread 0x000001d8913ee000 Implicit null exception at 0x000001d89caabc75 to 0x000001d89caabd4c
Event: 2.749 Thread 0x000001d8913ee000 Exception <a 'java/lang/NoSuchMethodError'{0x000000008aa1dfe8}: 'java.lang.Object java.lang.invoke.Invokers$Holder.linkToTargetMethod(java.lang.Object, java.lang.Object, java.lang.Object, java.lang.Object, java.lang.Object, java.lang.Object)'> (0x000000008aa1dfe8) thrown at [./src/hotspot/share/interpreter/linkResolver.cpp, line 773]
Event: 2.816 Thread 0x000001d8913ee000 Implicit null exception at 0x000001d89c9fd05e to 0x000001d89c9fd7ca
Event: 2.816 Thread 0x000001d8913ee000 Implicit null exception at 0x000001d89c9dd82f to 0x000001d89c9dd89d
Event: 3.327 Thread 0x000001d8913ee000 Exception <a 'java/lang/NoSuchMethodError'{0x000000008ad197f0}: 'java.lang.Object java.lang.invoke.DirectMethodHandle$Holder.invokeInterface(java.lang.Object, java.lang.Object, java.lang.Object)'> (0x000000008ad197f0) thrown at [./src/hotspot/share/interpreter/linkResolver.cpp, line 773]
Event: 3.327 Thread 0x000001d8913ee000 Exception <a 'java/lang/IncompatibleClassChangeError'{0x000000008ad1ca20}: Found class java.lang.Object, but interface was expected> (0x000000008ad1ca20) thrown at [./src/hotspot/share/interpreter/linkResolver.cpp, line 839]
Event: 3.368 Thread 0x000001d8913ee000 Implicit null exception at 0x000001d89c9f8075 to 0x000001d89c9f823c
Event: 3.566 Thread 0x000001d8913ee000 Exception <a 'java/lang/NoSuchMethodError'{0x0000000089db5380}: 'int java.lang.invoke.DirectMethodHandle$Holder.invokeStaticInit(java.lang.Object, java.lang.Object, java.lang.Object, java.lang.Object)'> (0x0000000089db5380) thrown at [./src/hotspot/share/interpreter/linkResolver.cpp, line 773]
Event: 3.647 Thread 0x000001d8913ee000 Implicit null exception at 0x000001d89cb62e33 to 0x000001d89cb63200
Event: 3.758 Thread 0x000001d8913ee000 Exception <a 'java/lang/NoSuchMethodError'{0x0000000088f5f728}: 'java.lang.Object java.lang.invoke.DirectMethodHandle$Holder.invokeStaticInit(java.lang.Object, java.lang.Object, java.lang.Object)'> (0x0000000088f5f728) thrown at [./src/hotspot/share/interpreter/linkResolver.cpp, line 773]
Event: 3.762 Thread 0x000001d8913ee000 Exception <a 'java/lang/NoSuchMethodError'{0x0000000088f84a40}: 'java.lang.Object java.lang.invoke.DirectMethodHandle$Holder.invokeStatic(java.lang.Object, int, java.lang.Object, java.lang.Object)'> (0x0000000088f84a40) thrown at [./src/hotspot/share/interpreter/linkResolver.cpp, line 773]
Event: 3.763 Thread 0x000001d8913ee000 Exception <a 'java/lang/NoSuchMethodError'{0x0000000088f8edb8}: 'int java.lang.invoke.DirectMethodHandle$Holder.invokeInterface(java.lang.Object, java.lang.Object)'> (0x0000000088f8edb8) thrown at [./src/hotspot/share/interpreter/linkResolver.cpp, line 773]

Events (20 events):
Event: 3.769 Executing VM operation: ICBufferFull done
Event: 3.769 loading class org/jetbrains/kotlin/load/java/lazy/descriptors/LazyJavaAnnotationDescriptor$fqName$2
Event: 3.769 loading class org/jetbrains/kotlin/load/java/lazy/descriptors/LazyJavaAnnotationDescriptor$fqName$2 done
Event: 3.770 loading class org/jetbrains/kotlin/load/java/lazy/descriptors/LazyJavaAnnotationDescriptor$type$2
Event: 3.770 loading class org/jetbrains/kotlin/load/java/lazy/descriptors/LazyJavaAnnotationDescriptor$type$2 done
Event: 3.770 loading class org/jetbrains/kotlin/load/java/lazy/descriptors/LazyJavaAnnotationDescriptor$allValueArguments$2
Event: 3.770 loading class org/jetbrains/kotlin/load/java/lazy/descriptors/LazyJavaAnnotationDescriptor$allValueArguments$2 done
Event: 3.771 loading class org/jetbrains/kotlin/load/java/typeEnhancement/NotNullTypeParameter
Event: 3.771 loading class org/jetbrains/kotlin/load/java/typeEnhancement/NotNullTypeParameter done
Event: 3.777 loading class org/jetbrains/kotlin/util/Check$DefaultImpls
Event: 3.777 loading class org/jetbrains/kotlin/util/Check$DefaultImpls done
Event: 3.777 loading class org/jetbrains/kotlin/util/CheckResult$SuccessCheck
Event: 3.777 loading class org/jetbrains/kotlin/util/CheckResult$SuccessCheck done
Event: 3.778 loading class org/jetbrains/kotlin/load/java/SpecialBuiltinMembers$getOverriddenBuiltinWithDifferentJvmName$2
Event: 3.778 loading class org/jetbrains/kotlin/load/java/SpecialBuiltinMembers$getOverriddenBuiltinWithDifferentJvmName$2 done
Event: 3.778 loading class org/jetbrains/kotlin/load/java/BuiltinMethodsWithDifferentJvmName
Event: 3.778 loading class org/jetbrains/kotlin/load/java/BuiltinMethodsWithDifferentJvmName done
Event: 3.779 loading class org/jetbrains/kotlin/load/java/BuiltinMethodsWithDifferentJvmName$isBuiltinFunctionWithDifferentNameInJvm$1
Event: 3.779 loading class org/jetbrains/kotlin/load/java/BuiltinMethodsWithDifferentJvmName$isBuiltinFunctionWithDifferentNameInJvm$1 done
Event: 3.779 Executing VM operation: CollectForMetadataAllocation


Dynamic libraries:
0x00007ff696aa0000 - 0x00007ff696aaa000 	C:\Program Files\Android\Android Studio\jre\bin\java.exe
0x00007ffd7d590000 - 0x00007ffd7d785000 	C:\WINDOWS\SYSTEM32\ntdll.dll
0x00007ffd7b9d0000 - 0x00007ffd7ba8e000 	C:\WINDOWS\System32\KERNEL32.DLL
0x00007ffd7adb0000 - 0x00007ffd7b078000 	C:\WINDOWS\System32\KERNELBASE.dll
0x00007ffd7b1c0000 - 0x00007ffd7b2c0000 	C:\WINDOWS\System32\ucrtbase.dll
0x00007ffd789c0000 - 0x00007ffd789d7000 	C:\Program Files\Android\Android Studio\jre\bin\VCRUNTIME140.dll
0x00007ffd77650000 - 0x00007ffd77669000 	C:\Program Files\Android\Android Studio\jre\bin\jli.dll
0x00007ffd7b5d0000 - 0x00007ffd7b771000 	C:\WINDOWS\System32\USER32.dll
0x00007ffd7b160000 - 0x00007ffd7b182000 	C:\WINDOWS\System32\win32u.dll
0x00007ffd7a070000 - 0x00007ffd7a30a000 	C:\WINDOWS\WinSxS\amd64_microsoft.windows.common-controls_6595b64144ccf1df_6.0.19041.1110_none_60b5254171f9507e\COMCTL32.dll
0x00007ffd7c280000 - 0x00007ffd7c2ab000 	C:\WINDOWS\System32\GDI32.dll
0x00007ffd7b930000 - 0x00007ffd7b9ce000 	C:\WINDOWS\System32\msvcrt.dll
0x00007ffd7b2c0000 - 0x00007ffd7b3cd000 	C:\WINDOWS\System32\gdi32full.dll
0x00007ffd7b3d0000 - 0x00007ffd7b46d000 	C:\WINDOWS\System32\msvcp_win.dll
0x00007ffd7cb60000 - 0x00007ffd7cb90000 	C:\WINDOWS\System32\IMM32.DLL
0x00007ffd5d650000 - 0x00007ffd5d6ed000 	C:\Program Files\Android\Android Studio\jre\bin\msvcp140.dll
0x00007ffd37d90000 - 0x00007ffd3885f000 	C:\Program Files\Android\Android Studio\jre\bin\server\jvm.dll
0x00007ffd7bd50000 - 0x00007ffd7bdfc000 	C:\WINDOWS\System32\ADVAPI32.dll
0x00007ffd7c2d0000 - 0x00007ffd7c36b000 	C:\WINDOWS\System32\sechost.dll
0x00007ffd7b780000 - 0x00007ffd7b8aa000 	C:\WINDOWS\System32\RPCRT4.dll
0x00007ffd7ba90000 - 0x00007ffd7ba98000 	C:\WINDOWS\System32\PSAPI.DLL
0x00007ffd78a10000 - 0x00007ffd78a19000 	C:\WINDOWS\SYSTEM32\WSOCK32.dll
0x00007ffd734d0000 - 0x00007ffd734f7000 	C:\WINDOWS\SYSTEM32\WINMM.dll
0x00007ffd73e30000 - 0x00007ffd73e3a000 	C:\WINDOWS\SYSTEM32\VERSION.dll
0x00007ffd7c050000 - 0x00007ffd7c0bb000 	C:\WINDOWS\System32\WS2_32.dll
0x00007ffd78ef0000 - 0x00007ffd78f02000 	C:\WINDOWS\SYSTEM32\kernel.appcore.dll
0x00007ffd77600000 - 0x00007ffd77611000 	C:\Program Files\Android\Android Studio\jre\bin\verify.dll
0x00007ffd7a6c0000 - 0x00007ffd7a8a4000 	C:\WINDOWS\SYSTEM32\DBGHELP.DLL
0x00007ffd7a470000 - 0x00007ffd7a49c000 	C:\WINDOWS\SYSTEM32\dbgcore.DLL
0x00007ffd7b080000 - 0x00007ffd7b102000 	C:\WINDOWS\System32\bcryptPrimitives.dll
0x00007ffd73a90000 - 0x00007ffd73ab9000 	C:\Program Files\Android\Android Studio\jre\bin\java.dll
0x00007ffd73a80000 - 0x00007ffd73a8b000 	C:\Program Files\Android\Android Studio\jre\bin\jimage.dll
0x00007ffd65610000 - 0x00007ffd65628000 	C:\Program Files\Android\Android Studio\jre\bin\zip.dll
0x00007ffd7cc50000 - 0x00007ffd7d394000 	C:\WINDOWS\System32\SHELL32.dll
0x00007ffd780b0000 - 0x00007ffd78844000 	C:\WINDOWS\SYSTEM32\windows.storage.dll
0x00007ffd7c7f0000 - 0x00007ffd7cb45000 	C:\WINDOWS\System32\combase.dll
0x00007ffd7a000000 - 0x00007ffd7a02e000 	C:\WINDOWS\SYSTEM32\Wldp.dll
0x00007ffd7bb70000 - 0x00007ffd7bc1d000 	C:\WINDOWS\System32\SHCORE.dll
0x00007ffd7bff0000 - 0x00007ffd7c045000 	C:\WINDOWS\System32\shlwapi.dll
0x00007ffd7abe0000 - 0x00007ffd7abff000 	C:\WINDOWS\SYSTEM32\profapi.dll
0x00007ffd655f0000 - 0x00007ffd6560a000 	C:\Program Files\Android\Android Studio\jre\bin\net.dll
0x00007ffd6d8f0000 - 0x00007ffd6d9fc000 	C:\WINDOWS\SYSTEM32\WINHTTP.dll
0x00007ffd79cc0000 - 0x00007ffd79d2a000 	C:\WINDOWS\system32\mswsock.dll
0x00007ffd5c7b0000 - 0x00007ffd5c7c4000 	C:\Program Files\Android\Android Studio\jre\bin\nio.dll

dbghelp: loaded successfully - version: 4.0.5 - missing functions: none
symbol engine: initialized successfully - sym options: 0x614 - pdb path: .;C:\Program Files\Android\Android Studio\jre\bin;C:\WINDOWS\SYSTEM32;C:\WINDOWS\WinSxS\amd64_microsoft.windows.common-controls_6595b64144ccf1df_6.0.19041.1110_none_60b5254171f9507e;C:\Program Files\Android\Android Studio\jre\bin\server

VM Arguments:
java_command: org.jetbrains.kotlin.cli.jvm.K2JVMCompiler @C:\Users\kma_s\Documents\PROJETOS ANDROID\ZENITECH\EMISSOR_WEB_VERSSIONADO\app\build\20220121_12009835141020792026.compiler.options
java_class_path (initial): C:\Users\kma_s\.gradle\caches\modules-2\files-2.1\org.jetbrains.kotlin\kotlin-compiler-embeddable\1.6.10\88f2073f4020cdb83132cfe940ceb9a60aba54ea\kotlin-compiler-embeddable-1.6.10.jar;C:\Users\kma_s\.gradle\caches\modules-2\files-2.1\org.jetbrains.kotlin\kotlin-reflect\1.6.10\1cbe9c92c12a94eea200d23c2bbaedaf3daf5132\kotlin-reflect-1.6.10.jar;C:\Users\kma_s\.gradle\caches\modules-2\files-2.1\org.jetbrains.kotlin\kotlin-stdlib\1.6.10\b8af3fe6f1ca88526914929add63cf5e7c5049af\kotlin-stdlib-1.6.10.jar;C:\Users\kma_s\.gradle\caches\modules-2\files-2.1\org.jetbrains.kotlin\kotlin-script-runtime\1.6.10\d0a7ff2e2500ef497ed0214ae40ad3c8387a6164\kotlin-script-runtime-1.6.10.jar;C:\Users\kma_s\.gradle\caches\modules-2\files-2.1\org.jetbrains.kotlin\kotlin-daemon-embeddable\1.6.10\a56d79bcbea411fa6058e4ecffc2de73e742bd2a\kotlin-daemon-embeddable-1.6.10.jar;C:\Users\kma_s\.gradle\caches\modules-2\files-2.1\org.jetbrains.intellij.deps\trove4j\1.0.20181211\216c2e14b070f334479d800987affe4054cd563f\trove4j-1.0.20181211.jar;C:\Users\kma_s\.gradle\caches\modules-2\files-2.1\net.java.dev.jna\jna\5.6.0\330f2244e9030119ab3030fc3fededc86713d9cc\jna-5.6.0.jar;C:\Users\kma_s\.gradle\caches\modules-2\files-2.1\org.jetbrains\annotations\13.0\919f0dfe192fb4e063e7dacadee7f8bb9a2672a9\annotations-13.0.jar;C:\Users\kma_s\.gradle\caches\modules-2\files-2.1\org.jetbrains.kotlin\kotlin-stdlib-common\1.6.10\c118700e3a33c8a0d9adc920e9dec0831171925\kotlin-stdlib-common-1.6.10.jar
Launcher Type: SUN_STANDARD

[Global flags]
     intx CICompilerCount                          = 3                                         {product} {ergonomic}
     uint ConcGCThreads                            = 1                                         {product} {ergonomic}
     uint G1ConcRefinementThreads                  = 4                                         {product} {ergonomic}
   size_t G1HeapRegionSize                         = 1048576                                   {product} {ergonomic}
    uintx GCDrainStackTargetSize                   = 64                                        {product} {ergonomic}
   size_t InitialHeapSize                          = 132120576                                 {product} {ergonomic}
   size_t MarkStackSize                            = 4194304                                   {product} {ergonomic}
   size_t MaxHeapSize                              = 2113929216                                {product} {ergonomic}
   size_t MaxNewSize                               = 1267728384                                {product} {ergonomic}
   size_t MinHeapDeltaBytes                        = 1048576                                   {product} {ergonomic}
    uintx NonNMethodCodeHeapSize                   = 5830732                                {pd product} {ergonomic}
    uintx NonProfiledCodeHeapSize                  = 122913754                              {pd product} {ergonomic}
    uintx ProfiledCodeHeapSize                     = 122913754                              {pd product} {ergonomic}
    uintx ReservedCodeCacheSize                    = 251658240                              {pd product} {ergonomic}
     bool SegmentedCodeCache                       = true                                      {product} {ergonomic}
     bool UseCompressedClassPointers               = true                                 {lp64_product} {ergonomic}
     bool UseCompressedOops                        = true                                 {lp64_product} {ergonomic}
     bool UseG1GC                                  = true                                      {product} {ergonomic}
     bool UseLargePagesIndividualAllocation        = false                                  {pd product} {ergonomic}

Logging:
Log output configuration:
 #0: stdout all=warning uptime,level,tags
 #1: stderr all=off uptime,level,tags

Environment Variables:
JAVA_HOME=C:\Program Files\Java\jdk-13.0.1
PATH=C:\WINDOWS\system32;C:\WINDOWS;C:\WINDOWS\System32\Wbem;C:\WINDOWS\System32\WindowsPowerShell\v1.0\;C:\WINDOWS\System32\OpenSSH\;C:\Program Files\dotnet\;C:\Program Files\TortoiseSVN\bin;C:\Program Files\Git\cmd;C:\flutter\bin;C:\Users\kma_s\AppData\Local\Microsoft\WindowsApps;C:\Users\kma_s\AppData\Local\Programs\Microsoft VS Code\bin;C:\Users\kma_s\AppData\Local\Microsoft\WindowsApps;C:\Users\kma_s\.dotnet\tools;C:\Users\kma_s\AppData\Local\JetBrains\JetBrains Rider 2020.3.4\bin;;C:\Users\kma_s\AppData\Local\GitHubDesktop\bin
USERNAME=kma_s
OS=Windows_NT
PROCESSOR_IDENTIFIER=Intel64 Family 6 Model 60 Stepping 3, GenuineIntel



---------------  S Y S T E M  ---------------

OS: Windows 10 , 64 bit Build 19041 (10.0.19041.1348)
OS uptime: 0 days 1:18 hours

CPU:total 4 (initial active 4) (4 cores per cpu, 1 threads per core) family 6 model 60 stepping 3 microcode 0x27, cmov, cx8, fxsr, mmx, sse, sse2, sse3, ssse3, sse4.1, sse4.2, popcnt, avx, avx2, aes, clmul, erms, lzcnt, tsc, tscinvbit, bmi1, bmi2, fma

Memory: 4k page, system-wide physical 8059M (2582M free)
TotalPageFile size 16118M (AvailPageFile size 10257M)
current process WorkingSet (physical memory assigned to process): 289M, peak: 289M
current process commit charge ("private bytes"): 356M, peak: 356M

vm_info: OpenJDK 64-Bit Server VM (11.0.10+0-b96-7249189) for windows-amd64 JRE (11.0.10+0-b96-7249189), built on Mar 31 2021 21:44:00 by "builder" with MS VC++ 14.0 (VS2015)

END.
