#
# A fatal error has been detected by the Java Runtime Environment:
#
#  EXCEPTION_ACCESS_VIOLATION (0xc0000005) at pc=0x0000000056f1b822, pid=10648, tid=0x0000000000002938
#
# JRE version: OpenJDK Runtime Environment (8.0_242-b01) (build 1.8.0_242-release-1644-b01)
# Java VM: OpenJDK 64-Bit Server VM (25.242-b01 mixed mode windows-amd64 compressed oops)
# Problematic frame:
# V  [jvm.dll+0x8b822]
#
# Failed to write core dump. Minidumps are not enabled by default on client versions of Windows
#
# If you would like to submit a bug report, please visit:
#   
#

---------------  T H R E A D  ---------------

Current thread (0x0000000002627000):  GCTaskThread [stack: 0x0000000011fe0000,0x00000000120e0000] [id=10552]

siginfo: ExceptionCode=0xc0000005, reading address 0xffffffffffffffff

Registers:
RAX=0x000000001d618280, RBX=0x00000000f309cc28, RCX=0x00000001004b4038, RDX=0x00000000f309cc28
RSP=0x00000000120df648, RBP=0x0000000000000000, RSI=0x00000000026fd500, RDI=0x0000146100001b07
R8 =0x0000000000000000, R9 =0x00000001004b4038, R10=0x0000000000000002, R11=0x00000000120df760
R12=0x00000000574addd0, R13=0x000000000000000d, R14=0x0000000000000000, R15=0x0000000002627830
RIP=0x0000000056f1b822, EFLAGS=0x0000000000010246

Top of Stack: (sp=0x00000000120df648)
0x00000000120df648:   00000000572627b2 00000000f309cc58
0x00000000120df658:   0000000000000002 00000000026fd500
0x00000000120df668:   0000000056f57970 00000000fa4d0070
0x00000000120df678:   0000000057262efb 00000000a40ee040
0x00000000120df688:   0000000000000400 0000000000000000
0x00000000120df698:   000000000261e801 00000000574addd0
0x00000000120df6a8:   0000000057262b20 00000000a40ef9f4
0x00000000120df6b8:   0000000000000000 00000000026fd500
0x00000000120df6c8:   0000146100001b07 00000000a40ef9f4
0x00000000120df6d8:   00000000572634f5 000000000000000d
0x00000000120df6e8:   00000000574addd0 00000000a40ef9e0
0x00000000120df6f8:   0000000057262a31 0000146100001b07
0x00000000120df708:   0000000000000004 00000000026fd500
0x00000000120df718:   0000146100001b07 0000000018bb3c50
0x00000000120df728:   0000146000001b07 00002114000006c0
0x00000000120df738:   00002114000006c1 0000000002627820 

Instructions: (pc=0x0000000056f1b822)
0x0000000056f1b802:   e2 49 8d 0c 11 49 f7 d1 48 03 c1 49 c1 e9 03 48
0x0000000056f1b812:   c1 e8 03 41 23 c1 c3 48 8b 02 48 8b d1 49 8b c9
0x0000000056f1b822:   48 ff a0 e8 00 00 00 cc cc cc cc cc cc cc 80 3d
0x0000000056f1b832:   1a 97 73 00 00 48 8b c1 74 1b 8b 51 08 8b 0d 73 


Register to memory mapping:

RAX=0x000000001d618280 is an unknown value
RBX=0x00000000f309cc28 is an oop

[error occurred during error reporting (printing register info), id 0xc0000005]

Stack: [0x0000000011fe0000,0x00000000120e0000],  sp=0x00000000120df648,  free space=1021k
Native frames: (J=compiled Java code, j=interpreted, Vv=VM code, C=native code)


---------------  P R O C E S S  ---------------

Java Threads: ( => current thread )
  0x000000001c081800 JavaThread "Cache worker for execution history cache (C:\Users\kma_s\Documents\PROJETOS ANDROID\ZENITECH\EMISSOR_WEB_VERSSIONADO\.gradle\6.6.1\executionHistory)" [_thread_blocked, id=884, stack(0x000000002bad0000,0x000000002bbd0000)]
  0x000000001c07a000 JavaThread "Execution worker for ':' Thread 3" [_thread_blocked, id=10384, stack(0x000000002b9d0000,0x000000002bad0000)]
  0x000000001c081000 JavaThread "Execution worker for ':' Thread 2" [_thread_blocked, id=9780, stack(0x000000002b8d0000,0x000000002b9d0000)]
  0x000000001c07f800 JavaThread "Execution worker for ':'" [_thread_blocked, id=10460, stack(0x000000002b3a0000,0x000000002b4a0000)]
  0x000000001c07d000 JavaThread "Cache worker for file content cache (C:\Users\kma_s\Documents\PROJETOS ANDROID\ZENITECH\EMISSOR_WEB_VERSSIONADO\.gradle\6.6.1\fileContent)" [_thread_blocked, id=11140, stack(0x000000002aaf0000,0x000000002abf0000)]
  0x000000001c080000 JavaThread "Memory manager" [_thread_blocked, id=860, stack(0x00000000298b0000,0x00000000299b0000)]
  0x000000001c07e000 JavaThread "pool-1-thread-1" [_thread_blocked, id=10300, stack(0x00000000299f0000,0x0000000029af0000)]
  0x000000001effe000 JavaThread "jar transforms Thread 114" [_thread_blocked, id=9160, stack(0x00000000283e0000,0x00000000284e0000)]
  0x000000001effa800 JavaThread "jar transforms Thread 113" [_thread_blocked, id=7148, stack(0x00000000282e0000,0x00000000283e0000)]
  0x000000001f000000 JavaThread "jar transforms Thread 112" [_thread_blocked, id=6728, stack(0x00000000281e0000,0x00000000282e0000)]
  0x000000001effd000 JavaThread "jar transforms Thread 111" [_thread_blocked, id=11232, stack(0x00000000280e0000,0x00000000281e0000)]
  0x000000001efff800 JavaThread "jar transforms Thread 110" [_thread_blocked, id=9480, stack(0x0000000027fe0000,0x00000000280e0000)]
  0x000000001effa000 JavaThread "jar transforms Thread 109" [_thread_blocked, id=11172, stack(0x0000000027ee0000,0x0000000027fe0000)]
  0x000000001effb800 JavaThread "jar transforms Thread 108" [_thread_blocked, id=9500, stack(0x0000000027de0000,0x0000000027ee0000)]
  0x000000001effc000 JavaThread "jar transforms Thread 107" [_thread_blocked, id=10476, stack(0x0000000027be0000,0x0000000027ce0000)]
  0x000000001eff2800 JavaThread "jar transforms Thread 106" [_thread_blocked, id=10456, stack(0x0000000027ae0000,0x0000000027be0000)]
  0x000000001eff9000 JavaThread "jar transforms Thread 105" [_thread_blocked, id=10248, stack(0x00000000279e0000,0x0000000027ae0000)]
  0x000000001eff1800 JavaThread "jar transforms Thread 104" [_thread_blocked, id=10264, stack(0x00000000278e0000,0x00000000279e0000)]
  0x000000001eff8800 JavaThread "jar transforms Thread 103" [_thread_blocked, id=4656, stack(0x00000000277e0000,0x00000000278e0000)]
  0x000000001eff6000 JavaThread "jar transforms Thread 102" [_thread_blocked, id=10244, stack(0x00000000276e0000,0x00000000277e0000)]
  0x000000001eff3000 JavaThread "jar transforms Thread 101" [_thread_blocked, id=10276, stack(0x00000000275e0000,0x00000000276e0000)]
  0x000000001eff5800 JavaThread "jar transforms Thread 100" [_thread_blocked, id=3140, stack(0x00000000274e0000,0x00000000275e0000)]
  0x000000001eff1000 JavaThread "jar transforms Thread 99" [_thread_blocked, id=10332, stack(0x00000000273e0000,0x00000000274e0000)]
  0x000000001eff4000 JavaThread "jar transforms Thread 98" [_thread_blocked, id=10308, stack(0x00000000272e0000,0x00000000273e0000)]
  0x000000001eff7000 JavaThread "jar transforms Thread 97" [_thread_blocked, id=10316, stack(0x00000000271e0000,0x00000000272e0000)]
  0x000000001eff4800 JavaThread "jar transforms Thread 96" [_thread_blocked, id=10368, stack(0x00000000270e0000,0x00000000271e0000)]
  0x000000001eff7800 JavaThread "jar transforms Thread 95" [_thread_blocked, id=10372, stack(0x0000000026fe0000,0x00000000270e0000)]
  0x000000001c0c9800 JavaThread "jar transforms Thread 94" [_thread_blocked, id=10376, stack(0x0000000026ee0000,0x0000000026fe0000)]
  0x000000001c0c7800 JavaThread "jar transforms Thread 93" [_thread_blocked, id=2612, stack(0x0000000026de0000,0x0000000026ee0000)]
  0x000000001c0c9000 JavaThread "jar transforms Thread 92" [_thread_blocked, id=6196, stack(0x0000000026ce0000,0x0000000026de0000)]
  0x000000001c0c8000 JavaThread "jar transforms Thread 91" [_thread_blocked, id=11176, stack(0x0000000026be0000,0x0000000026ce0000)]
  0x000000001c0c0000 JavaThread "jar transforms Thread 90" [_thread_blocked, id=10256, stack(0x0000000026ae0000,0x0000000026be0000)]
  0x000000001c0c6000 JavaThread "jar transforms Thread 89" [_thread_blocked, id=9576, stack(0x00000000269e0000,0x0000000026ae0000)]
  0x000000001c0c0800 JavaThread "jar transforms Thread 88" [_thread_blocked, id=5172, stack(0x00000000268e0000,0x00000000269e0000)]
  0x000000001c0c6800 JavaThread "jar transforms Thread 87" [_thread_blocked, id=7552, stack(0x00000000267e0000,0x00000000268e0000)]
  0x000000001c0c5000 JavaThread "jar transforms Thread 86" [_thread_blocked, id=8084, stack(0x00000000266e0000,0x00000000267e0000)]
  0x000000001c0c4800 JavaThread "jar transforms Thread 85" [_thread_blocked, id=4988, stack(0x00000000265e0000,0x00000000266e0000)]
  0x000000001c0c3800 JavaThread "jar transforms Thread 84" [_thread_blocked, id=10268, stack(0x00000000264e0000,0x00000000265e0000)]
  0x000000001c0c3000 JavaThread "jar transforms Thread 83" [_thread_blocked, id=10252, stack(0x00000000263e0000,0x00000000264e0000)]
  0x000000001c0c2000 JavaThread "jar transforms Thread 82" [_thread_blocked, id=10312, stack(0x00000000262e0000,0x00000000263e0000)]
  0x000000001c0ba800 JavaThread "jar transforms Thread 81" [_thread_blocked, id=4852, stack(0x00000000261e0000,0x00000000262e0000)]
  0x000000001c0be800 JavaThread "jar transforms Thread 80" [_thread_blocked, id=8952, stack(0x00000000260e0000,0x00000000261e0000)]
  0x000000001c0c1800 JavaThread "jar transforms Thread 79" [_thread_blocked, id=6524, stack(0x0000000025fe0000,0x00000000260e0000)]
  0x000000001c0bc000 JavaThread "jar transforms Thread 78" [_thread_blocked, id=10272, stack(0x0000000025ee0000,0x0000000025fe0000)]
  0x000000001c0bb800 JavaThread "jar transforms Thread 77" [_thread_blocked, id=3948, stack(0x0000000025de0000,0x0000000025ee0000)]
  0x000000001c0bd800 JavaThread "jar transforms Thread 76" [_thread_blocked, id=3424, stack(0x0000000025ce0000,0x0000000025de0000)]
  0x000000001c0bf000 JavaThread "jar transforms Thread 75" [_thread_blocked, id=8100, stack(0x0000000025be0000,0x0000000025ce0000)]
  0x000000001c0bd000 JavaThread "jar transforms Thread 74" [_thread_blocked, id=5720, stack(0x0000000025ae0000,0x0000000025be0000)]
  0x000000001da57000 JavaThread "jar transforms Thread 73" [_thread_blocked, id=7376, stack(0x00000000259e0000,0x0000000025ae0000)]
  0x000000001da55800 JavaThread "jar transforms Thread 72" [_thread_blocked, id=11184, stack(0x00000000258e0000,0x00000000259e0000)]
  0x000000001da54800 JavaThread "jar transforms Thread 71" [_thread_blocked, id=11200, stack(0x00000000257e0000,0x00000000258e0000)]
  0x000000001da54000 JavaThread "jar transforms Thread 70" [_thread_blocked, id=11216, stack(0x00000000256e0000,0x00000000257e0000)]
  0x000000001da52800 JavaThread "jar transforms Thread 69" [_thread_blocked, id=11208, stack(0x00000000255e0000,0x00000000256e0000)]
  0x000000001da56000 JavaThread "jar transforms Thread 68" [_thread_blocked, id=11212, stack(0x00000000254e0000,0x00000000255e0000)]
  0x000000001da59000 JavaThread "jar transforms Thread 67" [_thread_blocked, id=11204, stack(0x00000000253e0000,0x00000000254e0000)]
  0x000000001da57800 JavaThread "jar transforms Thread 66" [_thread_blocked, id=11180, stack(0x00000000252e0000,0x00000000253e0000)]
  0x000000001da58800 JavaThread "jar transforms Thread 65" [_thread_blocked, id=11220, stack(0x00000000251e0000,0x00000000252e0000)]
  0x000000001da53000 JavaThread "jar transforms Thread 64" [_thread_blocked, id=11224, stack(0x00000000250e0000,0x00000000251e0000)]
  0x000000001da4b000 JavaThread "jar transforms Thread 63" [_thread_blocked, id=11168, stack(0x0000000024fe0000,0x00000000250e0000)]
  0x000000001da51800 JavaThread "jar transforms Thread 62" [_thread_blocked, id=11188, stack(0x0000000024ee0000,0x0000000024fe0000)]
  0x000000001da4f800 JavaThread "jar transforms Thread 61" [_thread_blocked, id=11196, stack(0x0000000024de0000,0x0000000024ee0000)]
  0x000000001da51000 JavaThread "jar transforms Thread 60" [_thread_blocked, id=11192, stack(0x0000000024ce0000,0x0000000024de0000)]
  0x000000001da4e000 JavaThread "jar transforms Thread 59" [_thread_blocked, id=11164, stack(0x0000000024be0000,0x0000000024ce0000)]
  0x000000001da4a000 JavaThread "jar transforms Thread 58" [_thread_blocked, id=10088, stack(0x0000000024ae0000,0x0000000024be0000)]
  0x000000001da4d000 JavaThread "jar transforms Thread 57" [_thread_blocked, id=4596, stack(0x00000000249e0000,0x0000000024ae0000)]
  0x000000001da4c800 JavaThread "jar transforms Thread 56" [_thread_blocked, id=9924, stack(0x00000000248e0000,0x00000000249e0000)]
  0x000000001da4e800 JavaThread "jar transforms Thread 55" [_thread_blocked, id=1744, stack(0x00000000247e0000,0x00000000248e0000)]
  0x000000001da50000 JavaThread "jar transforms Thread 54" [_thread_blocked, id=6976, stack(0x00000000246e0000,0x00000000247e0000)]
  0x000000001da4b800 JavaThread "jar transforms Thread 53" [_thread_blocked, id=7188, stack(0x00000000245e0000,0x00000000246e0000)]
  0x000000001da39800 JavaThread "jar transforms Thread 52" [_thread_blocked, id=10296, stack(0x00000000244e0000,0x00000000245e0000)]
  0x000000001da3e000 JavaThread "jar transforms Thread 51" [_thread_blocked, id=10320, stack(0x00000000243e0000,0x00000000244e0000)]
  0x000000001da3a000 JavaThread "jar transforms Thread 50" [_thread_blocked, id=10492, stack(0x00000000242e0000,0x00000000243e0000)]
  0x000000001da38800 JavaThread "jar transforms Thread 49" [_thread_blocked, id=11036, stack(0x00000000241e0000,0x00000000242e0000)]
  0x000000001da37000 JavaThread "jar transforms Thread 48" [_thread_blocked, id=8112, stack(0x00000000240e0000,0x00000000241e0000)]
  0x000000001da3d000 JavaThread "jar transforms Thread 47" [_thread_blocked, id=1000, stack(0x0000000023fe0000,0x00000000240e0000)]
  0x000000001da3c800 JavaThread "jar transforms Thread 46" [_thread_blocked, id=11032, stack(0x0000000023ee0000,0x0000000023fe0000)]
  0x000000001da3b800 JavaThread "jar transforms Thread 45" [_thread_blocked, id=8760, stack(0x0000000023de0000,0x0000000023ee0000)]
  0x000000001da3b000 JavaThread "jar transforms Thread 44" [_thread_blocked, id=9632, stack(0x0000000023ce0000,0x0000000023de0000)]
  0x000000001da38000 JavaThread "jar transforms Thread 43" [_thread_blocked, id=9484, stack(0x0000000023be0000,0x0000000023ce0000)]
  0x000000001da2f800 JavaThread "jar transforms Thread 42" [_thread_blocked, id=8964, stack(0x0000000023ae0000,0x0000000023be0000)]
  0x000000001da35000 JavaThread "jar transforms Thread 41" [_thread_blocked, id=7980, stack(0x00000000239e0000,0x0000000023ae0000)]
  0x000000001da34000 JavaThread "jar transforms Thread 40" [_thread_blocked, id=11128, stack(0x00000000238e0000,0x00000000239e0000)]
  0x000000001da36800 JavaThread "jar transforms Thread 39" [_thread_blocked, id=7176, stack(0x00000000237e0000,0x00000000238e0000)]
  0x000000001da2f000 JavaThread "jar transforms Thread 38" [_thread_blocked, id=5384, stack(0x00000000236e0000,0x00000000237e0000)]
  0x000000001da32000 JavaThread "jar transforms Thread 37" [_thread_blocked, id=10508, stack(0x00000000235e0000,0x00000000236e0000)]
  0x000000001da31000 JavaThread "jar transforms Thread 36" [_thread_blocked, id=11104, stack(0x00000000234e0000,0x00000000235e0000)]
  0x000000001da32800 JavaThread "jar transforms Thread 35" [_thread_blocked, id=11028, stack(0x00000000233e0000,0x00000000234e0000)]
  0x000000001da30800 JavaThread "jar transforms Thread 34" [_thread_blocked, id=10688, stack(0x00000000232e0000,0x00000000233e0000)]
  0x000000001da33800 JavaThread "jar transforms Thread 33" [_thread_blocked, id=3804, stack(0x00000000231e0000,0x00000000232e0000)]
  0x000000001da35800 JavaThread "jar transforms Thread 32" [_thread_blocked, id=4052, stack(0x00000000230e0000,0x00000000231e0000)]
  0x00000000189ec000 JavaThread "jar transforms Thread 31" [_thread_blocked, id=2952, stack(0x0000000022fe0000,0x00000000230e0000)]
  0x00000000189eb000 JavaThread "jar transforms Thread 30" [_thread_blocked, id=11024, stack(0x0000000022ee0000,0x0000000022fe0000)]
  0x00000000189e9800 JavaThread "jar transforms Thread 29" [_thread_blocked, id=4044, stack(0x0000000022de0000,0x0000000022ee0000)]
  0x00000000189e9000 JavaThread "jar transforms Thread 28" [_thread_blocked, id=1208, stack(0x0000000022ce0000,0x0000000022de0000)]
  0x00000000189e8000 JavaThread "jar transforms Thread 27" [_thread_blocked, id=5616, stack(0x0000000022be0000,0x0000000022ce0000)]
  0x00000000189e6800 JavaThread "jar transforms Thread 26" [_thread_blocked, id=2492, stack(0x0000000022ae0000,0x0000000022be0000)]
  0x00000000189ea800 JavaThread "jar transforms Thread 25" [_thread_blocked, id=2500, stack(0x00000000229e0000,0x0000000022ae0000)]
  0x00000000189e7800 JavaThread "jar transforms Thread 24" [_thread_blocked, id=1264, stack(0x00000000228e0000,0x00000000229e0000)]
  0x00000000189df000 JavaThread "jar transforms Thread 23" [_thread_blocked, id=7284, stack(0x00000000227e0000,0x00000000228e0000)]
  0x00000000189e6000 JavaThread "jar transforms Thread 22" [_thread_blocked, id=1080, stack(0x00000000226e0000,0x00000000227e0000)]
  0x00000000189e5000 JavaThread "jar transforms Thread 21" [_thread_blocked, id=9564, stack(0x00000000225e0000,0x00000000226e0000)]
  0x00000000189e4800 JavaThread "jar transforms Thread 20" [_thread_blocked, id=1172, stack(0x00000000224e0000,0x00000000225e0000)]
  0x00000000189e3000 JavaThread "jar transforms Thread 19" [_thread_blocked, id=5540, stack(0x00000000223e0000,0x00000000224e0000)]
  0x00000000189dd800 JavaThread "jar transforms Thread 18" [_thread_blocked, id=1228, stack(0x00000000222e0000,0x00000000223e0000)]
  0x00000000189de800 JavaThread "jar transforms Thread 17" [_thread_blocked, id=4520, stack(0x00000000221e0000,0x00000000222e0000)]
  0x00000000189e2000 JavaThread "jar transforms Thread 16" [_thread_blocked, id=9640, stack(0x00000000220e0000,0x00000000221e0000)]
  0x00000000189e0000 JavaThread "jar transforms Thread 15" [_thread_blocked, id=4552, stack(0x0000000021fe0000,0x00000000220e0000)]
  0x00000000189dd000 JavaThread "jar transforms Thread 14" [_thread_blocked, id=4752, stack(0x0000000021ee0000,0x0000000021fe0000)]
  0x00000000189e1800 JavaThread "jar transforms Thread 13" [_thread_blocked, id=4160, stack(0x0000000021de0000,0x0000000021ee0000)]
  0x00000000189e3800 JavaThread "jar transforms Thread 12" [_thread_blocked, id=4324, stack(0x0000000021ce0000,0x0000000021de0000)]
  0x00000000189e0800 JavaThread "jar transforms Thread 11" [_thread_blocked, id=6220, stack(0x0000000021be0000,0x0000000021ce0000)]
  0x000000001d460800 JavaThread "jar transforms Thread 10" [_thread_blocked, id=6348, stack(0x0000000021ae0000,0x0000000021be0000)]
  0x000000001d45e000 JavaThread "jar transforms Thread 9" [_thread_blocked, id=5972, stack(0x00000000218e0000,0x00000000219e0000)]
  0x000000001d45d800 JavaThread "jar transforms Thread 8" [_thread_blocked, id=7668, stack(0x00000000217e0000,0x00000000218e0000)]
  0x000000001d45c800 JavaThread "jar transforms Thread 7" [_thread_blocked, id=10972, stack(0x00000000216e0000,0x00000000217e0000)]
  0x000000001d463800 JavaThread "jar transforms Thread 6" [_thread_blocked, id=1348, stack(0x00000000215e0000,0x00000000216e0000)]
  0x000000001d462000 JavaThread "jar transforms Thread 5" [_thread_blocked, id=10900, stack(0x00000000214e0000,0x00000000215e0000)]
  0x000000001d45f800 JavaThread "jar transforms Thread 4" [_thread_blocked, id=8248, stack(0x00000000213e0000,0x00000000214e0000)]
  0x000000001d45f000 JavaThread "jar transforms Thread 3" [_thread_blocked, id=8844, stack(0x00000000212e0000,0x00000000213e0000)]
  0x000000001d461000 JavaThread "jar transforms Thread 2" [_thread_blocked, id=4468, stack(0x00000000211e0000,0x00000000212e0000)]
  0x000000001d462800 JavaThread "Build operations Thread 4" [_thread_blocked, id=9060, stack(0x00000000210e0000,0x00000000211e0000)]
  0x000000001d455000 JavaThread "Build operations Thread 3" [_thread_blocked, id=4792, stack(0x0000000020fe0000,0x00000000210e0000)]
  0x000000001d456800 JavaThread "Build operations Thread 2" [_thread_blocked, id=2344, stack(0x0000000020ee0000,0x0000000020fe0000)]
  0x000000001d45c000 JavaThread "Build operations" [_thread_blocked, id=4644, stack(0x0000000020de0000,0x0000000020ee0000)]
  0x000000001d454800 JavaThread "Cache worker for Build Output Cleanup Cache (C:\Users\kma_s\Documents\PROJETOS ANDROID\ZENITECH\EMISSOR_WEB_VERSSIONADO\.gradle\buildOutputCleanup)" [_thread_blocked, id=1412, stack(0x0000000020ae0000,0x0000000020be0000)]
  0x0000000019bc0800 JavaThread "Cache worker for file content cache (C:\Users\kma_s\.gradle\caches\6.6.1\fileContent)" [_thread_blocked, id=10904, stack(0x00000000203e0000,0x00000000204e0000)]
  0x0000000019bc3000 JavaThread "jar transforms" [_thread_blocked, id=10944, stack(0x00000000202e0000,0x00000000203e0000)]
  0x0000000019bc1800 JavaThread "Cache worker for execution history cache (C:\Users\kma_s\.gradle\caches\6.6.1\executionHistory)" [_thread_blocked, id=10692, stack(0x000000001f940000,0x000000001fa40000)]
  0x0000000019bc4800 JavaThread "Cache worker for cache directory md-rule (C:\Users\kma_s\.gradle\caches\6.6.1\md-rule)" [_thread_blocked, id=10912, stack(0x000000001f840000,0x000000001f940000)]
  0x0000000019bc2000 JavaThread "Cache worker for cache directory md-supplier (C:\Users\kma_s\.gradle\caches\6.6.1\md-supplier)" [_thread_blocked, id=10916, stack(0x000000001e5d0000,0x000000001e6d0000)]
  0x0000000019bc0000 JavaThread "Cache worker for checksums cache (C:\Users\kma_s\Documents\PROJETOS ANDROID\ZENITECH\EMISSOR_WEB_VERSSIONADO\.gradle\checksums)" [_thread_blocked, id=10920, stack(0x000000001e2d0000,0x000000001e3d0000)]
  0x0000000019bbf000 JavaThread "Cache worker for file hash cache (C:\Users\kma_s\Documents\PROJETOS ANDROID\ZENITECH\EMISSOR_WEB_VERSSIONADO\.gradle\6.6.1\fileHashes)" [_thread_blocked, id=10932, stack(0x000000001f740000,0x000000001f840000)]
  0x0000000019bbe800 JavaThread "Cache worker for journal cache (C:\Users\kma_s\.gradle\caches\journal-1)" [_thread_blocked, id=10940, stack(0x000000001d000000,0x000000001d100000)]
  0x0000000019bc3800 JavaThread "File lock request listener" [_thread_in_native, id=10952, stack(0x000000001bf30000,0x000000001c030000)]
  0x0000000019b8e800 JavaThread "Cache worker for file hash cache (C:\Users\kma_s\.gradle\caches\6.6.1\fileHashes)" [_thread_blocked, id=10956, stack(0x000000001be30000,0x000000001bf30000)]
  0x0000000018234800 JavaThread "Thread-9" [_thread_blocked, id=10848, stack(0x000000001bb30000,0x000000001bc30000)]
  0x0000000019b53000 JavaThread "Stdin handler" [_thread_blocked, id=10856, stack(0x000000001ba30000,0x000000001bb30000)]
  0x0000000018231800 JavaThread "Asynchronous log dispatcher for DefaultDaemonConnection: socket connection from /127.0.0.1:49886 to /127.0.0.1:49887" [_thread_blocked, id=10864, stack(0x000000001b930000,0x000000001ba30000)]
  0x00000000180af000 JavaThread "Daemon worker" [_thread_blocked, id=10884, stack(0x000000001b830000,0x000000001b930000)]
  0x00000000180ab800 JavaThread "Cancel handler" [_thread_blocked, id=10876, stack(0x000000001b730000,0x000000001b830000)]
  0x0000000019ada800 JavaThread "Handler for socket connection from /127.0.0.1:49886 to /127.0.0.1:49887" [_thread_in_native, id=10896, stack(0x000000001b630000,0x000000001b730000)]
  0x0000000019ad8800 JavaThread "Daemon" [_thread_blocked, id=10860, stack(0x000000001b530000,0x000000001b630000)]
  0x0000000019abf800 JavaThread "Daemon periodic checks" [_thread_blocked, id=3180, stack(0x000000001b230000,0x000000001b330000)]
  0x0000000019aac000 JavaThread "Incoming local TCP Connector on port 49886" [_thread_in_native, id=10284, stack(0x000000001afd0000,0x000000001b0d0000)]
  0x0000000018091000 JavaThread "Daemon health stats" [_thread_blocked, id=732, stack(0x000000001a990000,0x000000001aa90000)]
  0x0000000017a18800 JavaThread "Service Thread" daemon [_thread_blocked, id=10756, stack(0x0000000017df0000,0x0000000017ef0000)]
  0x0000000016099000 JavaThread "C1 CompilerThread2" daemon [_thread_blocked, id=10760, stack(0x00000000178f0000,0x00000000179f0000)]
  0x000000001608a800 JavaThread "C2 CompilerThread1" daemon [_thread_blocked, id=10772, stack(0x00000000177f0000,0x00000000178f0000)]
  0x0000000016084000 JavaThread "C2 CompilerThread0" daemon [_thread_blocked, id=10776, stack(0x00000000176f0000,0x00000000177f0000)]
  0x0000000016082800 JavaThread "Attach Listener" daemon [_thread_blocked, id=10704, stack(0x00000000175f0000,0x00000000176f0000)]
  0x0000000016081800 JavaThread "Signal Dispatcher" daemon [_thread_blocked, id=10712, stack(0x00000000174f0000,0x00000000175f0000)]
  0x000000000270c800 JavaThread "Finalizer" daemon [_thread_blocked, id=10716, stack(0x00000000172e0000,0x00000000173e0000)]
  0x0000000016069000 JavaThread "Reference Handler" daemon [_thread_blocked, id=10528, stack(0x00000000171e0000,0x00000000172e0000)]
  0x00000000007de800 JavaThread "main" [_thread_blocked, id=10560, stack(0x0000000002510000,0x0000000002610000)]

Other Threads:
  0x0000000016046000 VMThread [stack: 0x00000000170e0000,0x00000000171e0000] [id=10352]
  0x00000000160da000 WatcherThread [stack: 0x0000000017ef0000,0x0000000017ff0000] [id=10768]

=>0x0000000002627000 (exited) GCTaskThread [stack: 0x0000000011fe0000,0x00000000120e0000] [id=10552]

VM state:at safepoint (normal execution)

VM Mutex/Monitor currently owned by a thread:  ([mutex/lock_event])
[0x00000000007dcef0] Threads_lock - owner thread: 0x0000000016046000
[0x00000000007dd3f0] Heap_lock - owner thread: 0x00000000180af000

heap address: 0x00000000a0000000, size: 1536 MB, Compressed Oops mode: 32-bit
Narrow klass base: 0x0000000000000000, Narrow klass shift: 3
Compressed class space size: 1073741824 Address: 0x0000000100000000

Heap:
 PSYoungGen      total 324096K, used 324090K [0x00000000e0000000, 0x00000000fb180000, 0x0000000100000000)
  eden space 301056K, 100% used [0x00000000e0000000,0x00000000f2600000,0x00000000f2600000)
  from space 23040K, 99% used [0x00000000f2600000,0x00000000f3c7ea58,0x00000000f3c80000)
  to   space 29184K, 56% used [0x00000000f9500000,0x00000000fa500070,0x00000000fb180000)
 ParOldGen       total 120320K, used 66792K [0x00000000a0000000, 0x00000000a7580000, 0x00000000e0000000)
  object space 120320K, 55% used [0x00000000a0000000,0x00000000a413a040,0x00000000a7580000)
 Metaspace       used 80568K, capacity 84740K, committed 84952K, reserved 1122304K
  class space    used 10828K, capacity 11659K, committed 11776K, reserved 1048576K

Card table byte_map: [0x0000000011ad0000,0x0000000011de0000] byte_map_base: 0x00000000115d0000

Marking Bits: (ParMarkBitMap*) 0x000000005765f030
 Begin Bits: [0x00000000123e0000, 0x0000000013be0000)
 End Bits:   [0x0000000013be0000, 0x00000000153e0000)

Polling page: 0x0000000000c70000

CodeCache: size=245760Kb used=30954Kb max_used=30954Kb free=214805Kb
 bounds [0x0000000002710000, 0x0000000004570000, 0x0000000011710000]
 total_blobs=10587 nmethods=9754 adapters=746
 compilation: enabled

Compilation events (10 events):
Event: 12.642 Thread 0x0000000016099000 10777       3       com.sun.org.apache.xerces.internal.impl.XMLEntityManager::setScannerVersion (115 bytes)
Event: 12.642 Thread 0x0000000016099000 nmethod 10777 0x00000000045623d0 code [0x00000000045625a0, 0x0000000004562e98]
Event: 12.643 Thread 0x0000000016099000 10778       3       com.sun.org.apache.xerces.internal.impl.XMLDocumentFragmentScannerImpl::setDriver (6 bytes)
Event: 12.643 Thread 0x0000000016099000 nmethod 10778 0x0000000004563150 code [0x00000000045632a0, 0x0000000004563410]
Event: 12.643 Thread 0x0000000016099000 10779  s    3       java.io.FileDescriptor::attach (73 bytes)
Event: 12.644 Thread 0x0000000016099000 nmethod 10779 0x0000000004563490 code [0x00000000045636a0, 0x0000000004564308]
Event: 12.644 Thread 0x0000000016099000 10780       3       com.sun.org.apache.xerces.internal.impl.XMLEntityScanner::skipString (122 bytes)
Event: 12.645 Thread 0x0000000016099000 nmethod 10780 0x0000000004564950 code [0x0000000004564b20, 0x0000000004565228]
Event: 12.648 Thread 0x0000000016099000 10781       3       sun.misc.URLClassPath::access$000 (6 bytes)
Event: 12.648 Thread 0x0000000016099000 nmethod 10781 0x0000000004565650 code [0x00000000045657c0, 0x0000000004565928]

GC Heap History (10 events):
Event: 3.419 GC heap after
Heap after GC invocations=10 (full 2):
 PSYoungGen      total 239616K, used 0K [0x00000000e0000000, 0x00000000efd00000, 0x0000000100000000)
  eden space 224768K, 0% used [0x00000000e0000000,0x00000000e0000000,0x00000000edb80000)
  from space 14848K, 0% used [0x00000000ee980000,0x00000000ee980000,0x00000000ef800000)
  to   space 14336K, 0% used [0x00000000edb80000,0x00000000edb80000,0x00000000ee980000)
 ParOldGen       total 76288K, used 14874K [0x00000000a0000000, 0x00000000a4a80000, 0x00000000e0000000)
  object space 76288K, 19% used [0x00000000a0000000,0x00000000a0e869c0,0x00000000a4a80000)
 Metaspace       used 34188K, capacity 35378K, committed 35456K, reserved 1079296K
  class space    used 4672K, capacity 4970K, committed 4992K, reserved 1048576K
}
Event: 5.150 GC heap before
{Heap before GC invocations=11 (full 2):
 PSYoungGen      total 239616K, used 224768K [0x00000000e0000000, 0x00000000efd00000, 0x0000000100000000)
  eden space 224768K, 100% used [0x00000000e0000000,0x00000000edb80000,0x00000000edb80000)
  from space 14848K, 0% used [0x00000000ee980000,0x00000000ee980000,0x00000000ef800000)
  to   space 14336K, 0% used [0x00000000edb80000,0x00000000edb80000,0x00000000ee980000)
 ParOldGen       total 76288K, used 14874K [0x00000000a0000000, 0x00000000a4a80000, 0x00000000e0000000)
  object space 76288K, 19% used [0x00000000a0000000,0x00000000a0e869c0,0x00000000a4a80000)
 Metaspace       used 44299K, capacity 46104K, committed 46336K, reserved 1089536K
  class space    used 5994K, capacity 6389K, committed 6400K, reserved 1048576K
Event: 5.164 GC heap after
Heap after GC invocations=11 (full 2):
 PSYoungGen      total 239104K, used 14305K [0x00000000e0000000, 0x00000000f4d80000, 0x0000000100000000)
  eden space 224768K, 0% used [0x00000000e0000000,0x00000000e0000000,0x00000000edb80000)
  from space 14336K, 99% used [0x00000000edb80000,0x00000000ee978748,0x00000000ee980000)
  to   space 17408K, 0% used [0x00000000f3c80000,0x00000000f3c80000,0x00000000f4d80000)
 ParOldGen       total 76288K, used 16752K [0x00000000a0000000, 0x00000000a4a80000, 0x00000000e0000000)
  object space 76288K, 21% used [0x00000000a0000000,0x00000000a105c270,0x00000000a4a80000)
 Metaspace       used 44299K, capacity 46104K, committed 46336K, reserved 1089536K
  class space    used 5994K, capacity 6389K, committed 6400K, reserved 1048576K
}
Event: 6.711 GC heap before
{Heap before GC invocations=12 (full 2):
 PSYoungGen      total 239104K, used 172168K [0x00000000e0000000, 0x00000000f4d80000, 0x0000000100000000)
  eden space 224768K, 70% used [0x00000000e0000000,0x00000000e9a299a8,0x00000000edb80000)
  from space 14336K, 99% used [0x00000000edb80000,0x00000000ee978748,0x00000000ee980000)
  to   space 17408K, 0% used [0x00000000f3c80000,0x00000000f3c80000,0x00000000f4d80000)
 ParOldGen       total 76288K, used 16752K [0x00000000a0000000, 0x00000000a4a80000, 0x00000000e0000000)
  object space 76288K, 21% used [0x00000000a0000000,0x00000000a105c270,0x00000000a4a80000)
 Metaspace       used 56537K, capacity 58924K, committed 59096K, reserved 1099776K
  class space    used 7677K, capacity 8171K, committed 8192K, reserved 1048576K
Event: 6.737 GC heap after
Heap after GC invocations=12 (full 2):
 PSYoungGen      total 318464K, used 17396K [0x00000000e0000000, 0x00000000f5380000, 0x0000000100000000)
  eden space 301056K, 0% used [0x00000000e0000000,0x00000000e0000000,0x00000000f2600000)
  from space 17408K, 99% used [0x00000000f3c80000,0x00000000f4d7d300,0x00000000f4d80000)
  to   space 23040K, 0% used [0x00000000f2600000,0x00000000f2600000,0x00000000f3c80000)
 ParOldGen       total 76288K, used 26670K [0x00000000a0000000, 0x00000000a4a80000, 0x00000000e0000000)
  object space 76288K, 34% used [0x00000000a0000000,0x00000000a1a0b968,0x00000000a4a80000)
 Metaspace       used 56537K, capacity 58924K, committed 59096K, reserved 1099776K
  class space    used 7677K, capacity 8171K, committed 8192K, reserved 1048576K
}
Event: 6.737 GC heap before
{Heap before GC invocations=13 (full 3):
 PSYoungGen      total 318464K, used 17396K [0x00000000e0000000, 0x00000000f5380000, 0x0000000100000000)
  eden space 301056K, 0% used [0x00000000e0000000,0x00000000e0000000,0x00000000f2600000)
  from space 17408K, 99% used [0x00000000f3c80000,0x00000000f4d7d300,0x00000000f4d80000)
  to   space 23040K, 0% used [0x00000000f2600000,0x00000000f2600000,0x00000000f3c80000)
 ParOldGen       total 76288K, used 26670K [0x00000000a0000000, 0x00000000a4a80000, 0x00000000e0000000)
  object space 76288K, 34% used [0x00000000a0000000,0x00000000a1a0b968,0x00000000a4a80000)
 Metaspace       used 56537K, capacity 58924K, committed 59096K, reserved 1099776K
  class space    used 7677K, capacity 8171K, committed 8192K, reserved 1048576K
Event: 6.889 GC heap after
Heap after GC invocations=13 (full 3):
 PSYoungGen      total 318464K, used 0K [0x00000000e0000000, 0x00000000f5380000, 0x0000000100000000)
  eden space 301056K, 0% used [0x00000000e0000000,0x00000000e0000000,0x00000000f2600000)
  from space 17408K, 0% used [0x00000000f3c80000,0x00000000f3c80000,0x00000000f4d80000)
  to   space 23040K, 0% used [0x00000000f2600000,0x00000000f2600000,0x00000000f3c80000)
 ParOldGen       total 120320K, used 39738K [0x00000000a0000000, 0x00000000a7580000, 0x00000000e0000000)
  object space 120320K, 33% used [0x00000000a0000000,0x00000000a26ce808,0x00000000a7580000)
 Metaspace       used 56517K, capacity 58858K, committed 59096K, reserved 1099776K
  class space    used 7671K, capacity 8160K, committed 8192K, reserved 1048576K
}
Event: 10.076 GC heap before
{Heap before GC invocations=14 (full 3):
 PSYoungGen      total 318464K, used 301056K [0x00000000e0000000, 0x00000000f5380000, 0x0000000100000000)
  eden space 301056K, 100% used [0x00000000e0000000,0x00000000f2600000,0x00000000f2600000)
  from space 17408K, 0% used [0x00000000f3c80000,0x00000000f3c80000,0x00000000f4d80000)
  to   space 23040K, 0% used [0x00000000f2600000,0x00000000f2600000,0x00000000f3c80000)
 ParOldGen       total 120320K, used 39738K [0x00000000a0000000, 0x00000000a7580000, 0x00000000e0000000)
  object space 120320K, 33% used [0x00000000a0000000,0x00000000a26ce808,0x00000000a7580000)
 Metaspace       used 67500K, capacity 70758K, committed 71000K, reserved 1110016K
  class space    used 9179K, capacity 9782K, committed 9856K, reserved 1048576K
Event: 10.123 GC heap after
Heap after GC invocations=14 (full 3):
 PSYoungGen      total 324096K, used 23034K [0x00000000e0000000, 0x00000000fb180000, 0x0000000100000000)
  eden space 301056K, 0% used [0x00000000e0000000,0x00000000e0000000,0x00000000f2600000)
  from space 23040K, 99% used [0x00000000f2600000,0x00000000f3c7ea58,0x00000000f3c80000)
  to   space 29184K, 0% used [0x00000000f9500000,0x00000000f9500000,0x00000000fb180000)
 ParOldGen       total 120320K, used 46322K [0x00000000a0000000, 0x00000000a7580000, 0x00000000e0000000)
  object space 120320K, 38% used [0x00000000a0000000,0x00000000a2d3ca70,0x00000000a7580000)
 Metaspace       used 67500K, capacity 70758K, committed 71000K, reserved 1110016K
  class space    used 9179K, capacity 9782K, committed 9856K, reserved 1048576K
}
Event: 12.649 GC heap before
{Heap before GC invocations=15 (full 3):
 PSYoungGen      total 324096K, used 324090K [0x00000000e0000000, 0x00000000fb180000, 0x0000000100000000)
  eden space 301056K, 100% used [0x00000000e0000000,0x00000000f2600000,0x00000000f2600000)
  from space 23040K, 99% used [0x00000000f2600000,0x00000000f3c7ea58,0x00000000f3c80000)
  to   space 29184K, 0% used [0x00000000f9500000,0x00000000f9500000,0x00000000fb180000)
 ParOldGen       total 120320K, used 46322K [0x00000000a0000000, 0x00000000a7580000, 0x00000000e0000000)
  object space 120320K, 38% used [0x00000000a0000000,0x00000000a2d3ca70,0x00000000a7580000)
 Metaspace       used 80568K, capacity 84740K, committed 84952K, reserved 1122304K
  class space    used 10828K, capacity 11659K, committed 11776K, reserved 1048576K

Deoptimization events (10 events):
Event: 12.138 Thread 0x00000000180af000 Uncommon trap: reason=bimorphic action=maybe_recompile pc=0x0000000004395a7c method=java.util.stream.AbstractPipeline.copyIntoWithCancel(Ljava/util/stream/Sink;Ljava/util/Spliterator;)V @ 24
Event: 12.138 Thread 0x00000000180af000 Uncommon trap: reason=bimorphic action=maybe_recompile pc=0x000000000429a4a4 method=java.util.stream.ReferencePipeline.forEachWithCancel(Ljava/util/Spliterator;Ljava/util/stream/Sink;)V @ 1
Event: 12.276 Thread 0x00000000180af000 Uncommon trap: reason=unstable_if action=reinterpret pc=0x0000000004043d5c method=java.nio.Bits.putInt(Ljava/nio/ByteBuffer;IIZ)V @ 1
Event: 12.339 Thread 0x00000000180af000 Uncommon trap: reason=bimorphic action=maybe_recompile pc=0x0000000003162754 method=java.util.stream.AbstractPipeline.<init>(Ljava/util/stream/AbstractPipeline;I)V @ 66
Event: 12.380 Thread 0x00000000180af000 Uncommon trap: reason=bimorphic action=maybe_recompile pc=0x0000000004395a7c method=java.util.stream.AbstractPipeline.copyIntoWithCancel(Ljava/util/stream/Sink;Ljava/util/Spliterator;)V @ 24
Event: 12.380 Thread 0x00000000180af000 Uncommon trap: reason=bimorphic action=maybe_recompile pc=0x000000000429a4a4 method=java.util.stream.ReferencePipeline.forEachWithCancel(Ljava/util/Spliterator;Ljava/util/stream/Sink;)V @ 1
Event: 12.385 Thread 0x00000000180af000 Uncommon trap: reason=bimorphic action=maybe_recompile pc=0x0000000003162754 method=java.util.stream.AbstractPipeline.<init>(Ljava/util/stream/AbstractPipeline;I)V @ 66
Event: 12.575 Thread 0x00000000180af000 Uncommon trap: reason=bimorphic action=maybe_recompile pc=0x0000000004395a7c method=java.util.stream.AbstractPipeline.copyIntoWithCancel(Ljava/util/stream/Sink;Ljava/util/Spliterator;)V @ 24
Event: 12.575 Thread 0x00000000180af000 Uncommon trap: reason=bimorphic action=maybe_recompile pc=0x000000000429a4a4 method=java.util.stream.ReferencePipeline.forEachWithCancel(Ljava/util/Spliterator;Ljava/util/stream/Sink;)V @ 1
Event: 12.595 Thread 0x00000000180af000 Uncommon trap: reason=unstable_if action=reinterpret pc=0x00000000036938b8 method=com.sun.org.apache.xerces.internal.dom.DeferredDocumentImpl.clearChunkValue([[Ljava/lang/Object;II)Ljava/lang/String; @ 3

Classes redefined (0 events):
No events

Internal exceptions (10 events):
Event: 11.371 Thread 0x00000000180af000 Exception <a 'sun/nio/fs/WindowsException'> (0x00000000eb0c98d0) thrown at [C:\src\AOSP-openjdk-git\hotspot\src\share\vm\prims\jni.cpp, line 710]
Event: 11.371 Thread 0x00000000180af000 Exception <a 'sun/nio/fs/WindowsException'> (0x00000000eb0cc8a8) thrown at [C:\src\AOSP-openjdk-git\hotspot\src\share\vm\prims\jni.cpp, line 710]
Event: 11.371 Thread 0x00000000180af000 Exception <a 'sun/nio/fs/WindowsException'> (0x00000000eb0ce518) thrown at [C:\src\AOSP-openjdk-git\hotspot\src\share\vm\prims\jni.cpp, line 710]
Event: 11.372 Thread 0x00000000180af000 Exception <a 'sun/nio/fs/WindowsException'> (0x00000000eb0d28f0) thrown at [C:\src\AOSP-openjdk-git\hotspot\src\share\vm\prims\jni.cpp, line 710]
Event: 11.372 Thread 0x00000000180af000 Exception <a 'sun/nio/fs/WindowsException'> (0x00000000eb0d4568) thrown at [C:\src\AOSP-openjdk-git\hotspot\src\share\vm\prims\jni.cpp, line 710]
Event: 11.372 Thread 0x00000000180af000 Exception <a 'sun/nio/fs/WindowsException'> (0x00000000eb0d7570) thrown at [C:\src\AOSP-openjdk-git\hotspot\src\share\vm\prims\jni.cpp, line 710]
Event: 11.372 Thread 0x00000000180af000 Exception <a 'sun/nio/fs/WindowsException'> (0x00000000eb0d91e8) thrown at [C:\src\AOSP-openjdk-git\hotspot\src\share\vm\prims\jni.cpp, line 710]
Event: 11.427 Thread 0x00000000180af000 Exception <a 'java/lang/NoSuchMethodError': java.lang.Object.lambda$static$0(Lorg/gradle/internal/snapshot/FileSystemSnapshotVisitor;)V> (0x00000000eb314708) thrown at [C:\src\AOSP-openjdk-git\hotspot\src\share\vm\interpreter\linkResolver.cpp, line 620]
Event: 12.108 Thread 0x00000000180af000 Exception <a 'java/lang/NoSuchMethodError': java.lang.Object.lambda$negate$1(Ljava/lang/Object;)Z> (0x00000000ef0a0fa0) thrown at [C:\src\AOSP-openjdk-git\hotspot\src\share\vm\interpreter\linkResolver.cpp, line 620]
Event: 12.595 Thread 0x00000000180af000 Implicit null exception at 0x000000000369371e to 0x00000000036938a1

Events (10 events):
Event: 12.587 loading class com/android/tools/lint/model/LintModelAndroidLibrary
Event: 12.587 loading class com/android/tools/lint/model/LintModelAndroidLibrary done
Event: 12.587 loading class com/android/tools/lint/detector/api/LintModelModuleAndroidLibraryProject
Event: 12.587 loading class com/android/tools/lint/detector/api/LintModelModuleAndroidLibraryProject done
Event: 12.588 loading class com/android/tools/lint/detector/api/LintModelModuleLibraryProject
Event: 12.588 loading class com/android/tools/lint/detector/api/LintModelModuleLibraryProject done
Event: 12.595 Thread 0x00000000180af000 Uncommon trap: trap_request=0xffffff65 fr.pc=0x00000000036938b8
Event: 12.595 Thread 0x00000000180af000 DEOPT PACKING pc=0x00000000036938b8 sp=0x000000001b927a20
Event: 12.595 Thread 0x00000000180af000 DEOPT UNPACKING pc=0x000000000275557b sp=0x000000001b9279c8 mode 2
Event: 12.649 Executing VM operation: ParallelGCFailedAllocation


Dynamic libraries:
0x00007ff783cb0000 - 0x00007ff783ce1000 	C:\Program Files\Android\Android Studio\jre\bin\java.exe
0x00007ffa39fb0000 - 0x00007ffa3a1a6000 	C:\WINDOWS\SYSTEM32\ntdll.dll
0x00007ffa38570000 - 0x00007ffa3862d000 	C:\WINDOWS\System32\KERNEL32.DLL
0x00007ffa377a0000 - 0x00007ffa37a68000 	C:\WINDOWS\System32\KERNELBASE.dll
0x00007ffa38630000 - 0x00007ffa386dc000 	C:\WINDOWS\System32\ADVAPI32.dll
0x00007ffa386e0000 - 0x00007ffa3877e000 	C:\WINDOWS\System32\msvcrt.dll
0x00007ffa38220000 - 0x00007ffa382bb000 	C:\WINDOWS\System32\sechost.dll
0x00007ffa399d0000 - 0x00007ffa39af4000 	C:\WINDOWS\System32\RPCRT4.dll
0x00007ffa38350000 - 0x00007ffa384f0000 	C:\WINDOWS\System32\USER32.dll
0x00007ffa37d20000 - 0x00007ffa37d42000 	C:\WINDOWS\System32\win32u.dll
0x00007ffa39060000 - 0x00007ffa3908a000 	C:\WINDOWS\System32\GDI32.dll
0x00007ffa37a70000 - 0x00007ffa37b79000 	C:\WINDOWS\System32\gdi32full.dll
0x00007ffa37b80000 - 0x00007ffa37c1d000 	C:\WINDOWS\System32\msvcp_win.dll
0x00007ffa37c20000 - 0x00007ffa37d20000 	C:\WINDOWS\System32\ucrtbase.dll
0x00007ffa2bc30000 - 0x00007ffa2becb000 	C:\WINDOWS\WinSxS\amd64_microsoft.windows.common-controls_6595b64144ccf1df_6.0.19041.488_none_ca04af081b815d21\COMCTL32.dll
0x00007ffa38010000 - 0x00007ffa38040000 	C:\WINDOWS\System32\IMM32.DLL
0x0000000058230000 - 0x0000000058302000 	C:\Program Files\Android\Android Studio\jre\jre\bin\msvcr100.dll
0x0000000056e90000 - 0x00000000576db000 	C:\Program Files\Android\Android Studio\jre\jre\bin\server\jvm.dll
0x00007ffa38b40000 - 0x00007ffa38b48000 	C:\WINDOWS\System32\PSAPI.DLL
0x00007ffa2e4c0000 - 0x00007ffa2e4e7000 	C:\WINDOWS\SYSTEM32\WINMM.dll
0x00007ffa15230000 - 0x00007ffa15239000 	C:\WINDOWS\SYSTEM32\WSOCK32.dll
0x00007ffa39960000 - 0x00007ffa399cb000 	C:\WINDOWS\System32\WS2_32.dll
0x00007ffa30a80000 - 0x00007ffa30a8a000 	C:\WINDOWS\SYSTEM32\VERSION.dll
0x00007ffa0e2b0000 - 0x00007ffa0e2bf000 	C:\Program Files\Android\Android Studio\jre\jre\bin\verify.dll
0x00007ffa0cf30000 - 0x00007ffa0cf59000 	C:\Program Files\Android\Android Studio\jre\jre\bin\java.dll
0x00007ffa0e290000 - 0x00007ffa0e2a6000 	C:\Program Files\Android\Android Studio\jre\jre\bin\zip.dll
0x00007ffa39090000 - 0x00007ffa397d1000 	C:\WINDOWS\System32\SHELL32.dll
0x00007ffa357e0000 - 0x00007ffa35f75000 	C:\WINDOWS\SYSTEM32\windows.storage.dll
0x00007ffa38b50000 - 0x00007ffa38ea5000 	C:\WINDOWS\System32\combase.dll
0x00007ffa370f0000 - 0x00007ffa3711c000 	C:\WINDOWS\SYSTEM32\Wldp.dll
0x00007ffa398b0000 - 0x00007ffa3995e000 	C:\WINDOWS\System32\SHCORE.dll
0x00007ffa397f0000 - 0x00007ffa39845000 	C:\WINDOWS\System32\shlwapi.dll
0x00007ffa37620000 - 0x00007ffa37646000 	C:\WINDOWS\SYSTEM32\profapi.dll
0x00007ffa084c0000 - 0x00007ffa084da000 	C:\Program Files\Android\Android Studio\jre\jre\bin\net.dll
0x00007ffa36dc0000 - 0x00007ffa36e2a000 	C:\WINDOWS\system32\mswsock.dll
0x00007ffa03990000 - 0x00007ffa039a3000 	C:\Program Files\Android\Android Studio\jre\jre\bin\nio.dll
0x00007ffa24650000 - 0x00007ffa24677000 	C:\Users\kma_s\.gradle\native\9f2fa17c089eee584f3420100432f77ec4c098959e4bf121a4d6054c26537dfb\windows-amd64\native-platform.dll
0x00007ffa0e0d0000 - 0x00007ffa0e0dd000 	C:\Program Files\Android\Android Studio\jre\jre\bin\management.dll
0x00007ffa36f90000 - 0x00007ffa36fa8000 	C:\WINDOWS\SYSTEM32\CRYPTSP.dll
0x00007ffa36760000 - 0x00007ffa36794000 	C:\WINDOWS\system32\rsaenh.dll
0x00007ffa37f60000 - 0x00007ffa37f87000 	C:\WINDOWS\System32\bcrypt.dll
0x00007ffa375a0000 - 0x00007ffa375ce000 	C:\WINDOWS\SYSTEM32\USERENV.dll
0x00007ffa37f90000 - 0x00007ffa3800f000 	C:\WINDOWS\System32\bcryptprimitives.dll
0x00007ffa36fb0000 - 0x00007ffa36fbc000 	C:\WINDOWS\SYSTEM32\CRYPTBASE.dll
0x00007ffa36ad0000 - 0x00007ffa36b0b000 	C:\WINDOWS\SYSTEM32\IPHLPAPI.DLL
0x00007ffa397e0000 - 0x00007ffa397e8000 	C:\WINDOWS\System32\NSI.dll
0x00007ffa31b90000 - 0x00007ffa31ba7000 	C:\WINDOWS\SYSTEM32\dhcpcsvc6.DLL
0x00007ffa31b70000 - 0x00007ffa31b8d000 	C:\WINDOWS\SYSTEM32\dhcpcsvc.DLL
0x00007ffa36b10000 - 0x00007ffa36bdb000 	C:\WINDOWS\SYSTEM32\DNSAPI.dll
0x00007ffa31ce0000 - 0x00007ffa31ceb000 	C:\WINDOWS\SYSTEM32\WINNSI.DLL
0x00007ffa031a0000 - 0x00007ffa03336000 	C:\Users\kma_s\.gradle\native\9f2fa17c089eee584f3420100432f77ec4c098959e4bf121a4d6054c26537dfb\windows-amd64\native-platform-file-events.dll
0x00007ffa279b0000 - 0x00007ffa27b94000 	C:\WINDOWS\SYSTEM32\dbghelp.dll

VM Arguments:
jvm_args: -Xmx1536m -Dfile.encoding=windows-1252 -Duser.country=BR -Duser.language=pt -Duser.variant 
java_command: org.gradle.launcher.daemon.bootstrap.GradleDaemon 6.6.1
java_class_path (initial): C:\Users\kma_s\.gradle\wrapper\dists\gradle-6.6.1-all\ejrtlte9hlw8v6ii20a9584rs\gradle-6.6.1\lib\gradle-launcher-6.6.1.jar
Launcher Type: SUN_STANDARD

Environment Variables:
JAVA_HOME=C:\Program Files\Java\jdk-13.0.1
PATH=C:\WINDOWS\system32;C:\WINDOWS;C:\WINDOWS\System32\Wbem;C:\WINDOWS\System32\WindowsPowerShell\v1.0\;C:\WINDOWS\System32\OpenSSH\;C:\Program Files\dotnet\;C:\Program Files\TortoiseSVN\bin;C:\Program Files\Git\cmd;C:\flutter\bin;C:\Users\kma_s\AppData\Local\Microsoft\WindowsApps;C:\Users\kma_s\AppData\Local\Programs\Microsoft VS Code\bin;C:\Users\kma_s\AppData\Local\GitHubDesktop\bin;%USERPROFILE%\AppData\Local\Microsoft\WindowsApps;
USERNAME=kma_s
OS=Windows_NT
PROCESSOR_IDENTIFIER=Intel64 Family 6 Model 60 Stepping 3, GenuineIntel



---------------  S Y S T E M  ---------------

OS: Windows 10.0 , 64 bit Build 19041 (10.0.19041.546)

CPU:total 4 (initial active 4) (4 cores per cpu, 1 threads per core) family 6 model 60 stepping 3, cmov, cx8, fxsr, mmx, sse, sse2, sse3, ssse3, sse4.1, sse4.2, popcnt, avx, avx2, aes, clmul, erms, lzcnt, tsc, tscinvbit, bmi1, bmi2

Memory: 4k page, physical 8252640k(3311452k free), swap 14281952k(9120880k free)

vm_info: OpenJDK 64-Bit Server VM (25.242-b01) for windows-amd64 JRE (1.8.0_242-release-1644-b01), built by "builder" with MS VC++ 10.0 (VS2010)

time: Thu Dec 03 15:48:12 2020
timezone: Hora Padrão de Buenos Aires
elapsed time: 12 seconds (0d 0h 0m 12s)

